<!DOCTYPE html><html xmlns:lxslt="http://xml.apache.org/xslt" xmlns:stringutils="xalan://org.apache.tools.ant.util.StringUtils">
<head>
<META http-equiv="Content-Type" content="text/html; charset=utf-8">
<title>
        Unit Test Results
     - Failed tests</title>
<link href="stylesheet.css" rel="stylesheet" type="text/css">
</head>
<body>
<div id="report" class="container container_8">
<div class="grid_6 alpha">
<div class="grailslogo"></div>
<h1>
        Unit Test Results
     - Failed tests</h1>
<p class="intro">
                        Executed
                        99
                        tests
                    
                        with
                        6 errors

                        and
                        60 failures
                        .
                    </p>
</div>
<div class="grid_2 omega">
<nav id="navigationlinks">
<p>
<a href="failed.html">
                    Tests with failure and errors
                </a>
</p>
<p>
<a href="index.html">
                    Package summary
                </a>
</p>
<p>
<a href="all.html">
                    Show all tests
                </a>
</p>
</nav>
</div>
<div class="clear"></div>
<div class="testsuite error">
<div class="header">
<h2>NegociacionDetControllerTests</h2>
<h3>
                        Executed
                        8
                        tests
                    
                        with
                        one error

                        and
                        5 failures
                        .
                    </h3>
</div>
<div class="testcase clearfix success grid_8 alpha omega" data-name="testIndex">
<div class="grid_3 alpha">
<p>
<span class="icon success"></span><b class="testname message success">testIndex</b>
</p>
<p class="summary">Executed in 0.111 seconds.</p>
</div>
<div class="grid_5 omega outputinfo"></div>
<div class="clear"></div>
</div>
<div class="testcase clearfix error grid_8 alpha omega" data-name="testList">
<div class="grid_3 alpha">
<p>
<span class="icon error"></span><b class="testname message error">testList</b>
</p>
<p class="summary">Executed in 0.027 seconds.</p>
</div>
<div class="grid_5 omega outputinfo">
<div class="details">
<p>
<b class="message">Cannot get property 'currentUser' on null object</b>
</p>
<pre>java.lang.NullPointerException: Cannot get property 'currentUser' on null object
	at bestprice.NegociacionDetController.list(NegociacionDetController.groovy:16)
	at bestprice.NegociacionDetControllerTests.testList(NegociacionDetControllerTests.groovy:26)
</pre>
</div>
</div>
<div class="clear"></div>
</div>
<div class="testcase clearfix success grid_8 alpha omega" data-name="testCreate">
<div class="grid_3 alpha">
<p>
<span class="icon success"></span><b class="testname message success">testCreate</b>
</p>
<p class="summary">Executed in 0.024 seconds.</p>
</div>
<div class="grid_5 omega outputinfo"></div>
<div class="clear"></div>
</div>
<div class="testcase clearfix failure grid_8 alpha omega" data-name="testSave">
<div class="grid_3 alpha">
<p>
<span class="icon failure"></span><b class="testname message failure">testSave</b>
</p>
<p class="summary">Executed in 0.031 seconds.</p>
</div>
<div class="grid_5 omega outputinfo">
<div class="details">
<p>
<b class="message">Assertion failed: 

assert response.redirectedUrl == '/negociacionDet/show/1'
       |        |             |
       |        null          false
       org.codehaus.groovy.grails.plugins.testing.GrailsMockHttpServletResponse@3c22d5b5
</b>
</p>
<pre>junit.framework.AssertionFailedError: Assertion failed: 

assert response.redirectedUrl == '/negociacionDet/show/1'
       |        |             |
       |        null          false
       org.codehaus.groovy.grails.plugins.testing.GrailsMockHttpServletResponse@3c22d5b5

	at bestprice.NegociacionDetControllerTests.testSave(NegociacionDetControllerTests.groovy:49)
</pre>
</div>
</div>
<div class="clear"></div>
</div>
<div class="testcase clearfix failure grid_8 alpha omega" data-name="testShow">
<div class="grid_3 alpha">
<p>
<span class="icon failure"></span><b class="testname message failure">testShow</b>
</p>
<p class="summary">Executed in 0.275 seconds.</p>
</div>
<div class="grid_5 omega outputinfo">
<div class="details">
<p>
<b class="message">Assertion failed: 

assert negociacionDet.save() != null
       |              |      |
       |              null   false
       bestprice.NegociacionDet : null
</b>
</p>
<pre>junit.framework.AssertionFailedError: Assertion failed: 

assert negociacionDet.save() != null
       |              |      |
       |              null   false
       bestprice.NegociacionDet : null

	at bestprice.NegociacionDetControllerTests.testShow(NegociacionDetControllerTests.groovy:64)
</pre>
</div>
</div>
<div class="clear"></div>
</div>
<div class="testcase clearfix failure grid_8 alpha omega" data-name="testEdit">
<div class="grid_3 alpha">
<p>
<span class="icon failure"></span><b class="testname message failure">testEdit</b>
</p>
<p class="summary">Executed in 0.028 seconds.</p>
</div>
<div class="grid_5 omega outputinfo">
<div class="details">
<p>
<b class="message">Assertion failed: 

assert negociacionDet.save() != null
       |              |      |
       |              null   false
       bestprice.NegociacionDet : null
</b>
</p>
<pre>junit.framework.AssertionFailedError: Assertion failed: 

assert negociacionDet.save() != null
       |              |      |
       |              null   false
       bestprice.NegociacionDet : null

	at bestprice.NegociacionDetControllerTests.testEdit(NegociacionDetControllerTests.groovy:83)
</pre>
</div>
</div>
<div class="clear"></div>
</div>
<div class="testcase clearfix failure grid_8 alpha omega" data-name="testUpdate">
<div class="grid_3 alpha">
<p>
<span class="icon failure"></span><b class="testname message failure">testUpdate</b>
</p>
<p class="summary">Executed in 0.027 seconds.</p>
</div>
<div class="grid_5 omega outputinfo">
<div class="details">
<p>
<b class="message">Assertion failed: 

assert negociacionDet.save() != null
       |              |      |
       |              null   false
       bestprice.NegociacionDet : null
</b>
</p>
<pre>junit.framework.AssertionFailedError: Assertion failed: 

assert negociacionDet.save() != null
       |              |      |
       |              null   false
       bestprice.NegociacionDet : null

	at bestprice.NegociacionDetControllerTests.testUpdate(NegociacionDetControllerTests.groovy:104)
</pre>
</div>
</div>
<div class="clear"></div>
</div>
<div class="testcase clearfix failure grid_8 alpha omega" data-name="testDelete">
<div class="grid_3 alpha">
<p>
<span class="icon failure"></span><b class="testname message failure">testDelete</b>
</p>
<p class="summary">Executed in 0.027 seconds.</p>
</div>
<div class="grid_5 omega outputinfo">
<div class="details">
<p>
<b class="message">Assertion failed: 

assert negociacionDet.save() != null
       |              |      |
       |              null   false
       bestprice.NegociacionDet : null
</b>
</p>
<pre>junit.framework.AssertionFailedError: Assertion failed: 

assert negociacionDet.save() != null
       |              |      |
       |              null   false
       bestprice.NegociacionDet : null

	at bestprice.NegociacionDetControllerTests.testDelete(NegociacionDetControllerTests.groovy:148)
</pre>
</div>
</div>
<div class="clear"></div>
</div>
<div class="clearfix output footer">
<div class="sysout">
<h2>Standard output</h2>
<pre class="stdout">--Output from testIndex--
--Output from testList--
--Output from testCreate--
--Output from testSave--
--Output from testShow--
--Output from testEdit--
--Output from testUpdate--
--Output from testDelete--
</pre>
</div>
<div class="syserr">
<h2>System error</h2>
<pre class="syserr">--Output from testIndex--
--Output from testList--
--Output from testCreate--
--Output from testSave--
--Output from testShow--
--Output from testEdit--
--Output from testUpdate--
--Output from testDelete--
</pre>
</div>
</div>
<div class="clear"></div>
</div>
<div class="testsuite error">
<div class="header">
<h2>NegociacionEncControllerTests</h2>
<h3>
                        Executed
                        8
                        tests
                    
                        with
                        2 errors

                        and
                        4 failures
                        .
                    </h3>
</div>
<div class="testcase clearfix success grid_8 alpha omega" data-name="testIndex">
<div class="grid_3 alpha">
<p>
<span class="icon success"></span><b class="testname message success">testIndex</b>
</p>
<p class="summary">Executed in 0.06 seconds.</p>
</div>
<div class="grid_5 omega outputinfo"></div>
<div class="clear"></div>
</div>
<div class="testcase clearfix error grid_8 alpha omega" data-name="testList">
<div class="grid_3 alpha">
<p>
<span class="icon error"></span><b class="testname message error">testList</b>
</p>
<p class="summary">Executed in 0.026 seconds.</p>
</div>
<div class="grid_5 omega outputinfo">
<div class="details">
<p>
<b class="message">Cannot get property 'currentUser' on null object</b>
</p>
<pre>java.lang.NullPointerException: Cannot get property 'currentUser' on null object
	at bestprice.NegociacionEncController.list(NegociacionEncController.groovy:32)
	at bestprice.NegociacionEncControllerTests.testList(NegociacionEncControllerTests.groovy:26)
</pre>
</div>
</div>
<div class="clear"></div>
</div>
<div class="testcase clearfix success grid_8 alpha omega" data-name="testCreate">
<div class="grid_3 alpha">
<p>
<span class="icon success"></span><b class="testname message success">testCreate</b>
</p>
<p class="summary">Executed in 0.029 seconds.</p>
</div>
<div class="grid_5 omega outputinfo"></div>
<div class="clear"></div>
</div>
<div class="testcase clearfix error grid_8 alpha omega" data-name="testSave">
<div class="grid_3 alpha">
<p>
<span class="icon error"></span><b class="testname message error">testSave</b>
</p>
<p class="summary">Executed in 0.028 seconds.</p>
</div>
<div class="grid_5 omega outputinfo">
<div class="details">
<p>
<b class="message">Cannot get property 'currentUser' on null object</b>
</p>
<pre>java.lang.NullPointerException: Cannot get property 'currentUser' on null object
	at bestprice.NegociacionEncController.save(NegociacionEncController.groovy:44)
	at bestprice.NegociacionEncControllerTests.testSave(NegociacionEncControllerTests.groovy:39)
</pre>
</div>
</div>
<div class="clear"></div>
</div>
<div class="testcase clearfix failure grid_8 alpha omega" data-name="testShow">
<div class="grid_3 alpha">
<p>
<span class="icon failure"></span><b class="testname message failure">testShow</b>
</p>
<p class="summary">Executed in 0.037 seconds.</p>
</div>
<div class="grid_5 omega outputinfo">
<div class="details">
<p>
<b class="message">Assertion failed: 

assert negociacionEnc.save() != null
       |              |      |
       |              null   false
       bestprice.Comun : null
</b>
</p>
<pre>junit.framework.AssertionFailedError: Assertion failed: 

assert negociacionEnc.save() != null
       |              |      |
       |              null   false
       bestprice.Comun : null

	at bestprice.NegociacionEncControllerTests.testShow(NegociacionEncControllerTests.groovy:64)
</pre>
</div>
</div>
<div class="clear"></div>
</div>
<div class="testcase clearfix failure grid_8 alpha omega" data-name="testEdit">
<div class="grid_3 alpha">
<p>
<span class="icon failure"></span><b class="testname message failure">testEdit</b>
</p>
<p class="summary">Executed in 0.049 seconds.</p>
</div>
<div class="grid_5 omega outputinfo">
<div class="details">
<p>
<b class="message">Assertion failed: 

assert negociacionEnc.save() != null
       |              |      |
       |              null   false
       bestprice.Comun : null
</b>
</p>
<pre>junit.framework.AssertionFailedError: Assertion failed: 

assert negociacionEnc.save() != null
       |              |      |
       |              null   false
       bestprice.Comun : null

	at bestprice.NegociacionEncControllerTests.testEdit(NegociacionEncControllerTests.groovy:83)
</pre>
</div>
</div>
<div class="clear"></div>
</div>
<div class="testcase clearfix failure grid_8 alpha omega" data-name="testUpdate">
<div class="grid_3 alpha">
<p>
<span class="icon failure"></span><b class="testname message failure">testUpdate</b>
</p>
<p class="summary">Executed in 0.036 seconds.</p>
</div>
<div class="grid_5 omega outputinfo">
<div class="details">
<p>
<b class="message">Assertion failed: 

assert negociacionEnc.save() != null
       |              |      |
       |              null   false
       bestprice.Comun : null
</b>
</p>
<pre>junit.framework.AssertionFailedError: Assertion failed: 

assert negociacionEnc.save() != null
       |              |      |
       |              null   false
       bestprice.Comun : null

	at bestprice.NegociacionEncControllerTests.testUpdate(NegociacionEncControllerTests.groovy:104)
</pre>
</div>
</div>
<div class="clear"></div>
</div>
<div class="testcase clearfix failure grid_8 alpha omega" data-name="testDelete">
<div class="grid_3 alpha">
<p>
<span class="icon failure"></span><b class="testname message failure">testDelete</b>
</p>
<p class="summary">Executed in 0.032 seconds.</p>
</div>
<div class="grid_5 omega outputinfo">
<div class="details">
<p>
<b class="message">Assertion failed: 

assert negociacionEnc.save() != null
       |              |      |
       |              null   false
       bestprice.Comun : null
</b>
</p>
<pre>junit.framework.AssertionFailedError: Assertion failed: 

assert negociacionEnc.save() != null
       |              |      |
       |              null   false
       bestprice.Comun : null

	at bestprice.NegociacionEncControllerTests.testDelete(NegociacionEncControllerTests.groovy:148)
</pre>
</div>
</div>
<div class="clear"></div>
</div>
<div class="clearfix output footer">
<div class="sysout">
<h2>Standard output</h2>
<pre class="stdout">--Output from testIndex--
--Output from testList--
--Output from testCreate--
--Output from testSave--
--Output from testShow--
--Output from testEdit--
--Output from testUpdate--
--Output from testDelete--
</pre>
</div>
<div class="syserr">
<h2>System error</h2>
<pre class="syserr">--Output from testIndex--
--Output from testList--
--Output from testCreate--
--Output from testSave--
--Output from testShow--
--Output from testEdit--
--Output from testUpdate--
--Output from testDelete--
</pre>
</div>
</div>
<div class="clear"></div>
</div>
<div class="testsuite failure">
<div class="header">
<h2>BitacoraPrecioControllerTests</h2>
<h3>
                        Executed
                        8
                        tests
                    
                        with
                        5 failures
                        .
                    </h3>
</div>
<div class="testcase clearfix success grid_8 alpha omega" data-name="testIndex">
<div class="grid_3 alpha">
<p>
<span class="icon success"></span><b class="testname message success">testIndex</b>
</p>
<p class="summary">Executed in 1.013 seconds.</p>
</div>
<div class="grid_5 omega outputinfo"></div>
<div class="clear"></div>
</div>
<div class="testcase clearfix success grid_8 alpha omega" data-name="testList">
<div class="grid_3 alpha">
<p>
<span class="icon success"></span><b class="testname message success">testList</b>
</p>
<p class="summary">Executed in 0.291 seconds.</p>
</div>
<div class="grid_5 omega outputinfo"></div>
<div class="clear"></div>
</div>
<div class="testcase clearfix success grid_8 alpha omega" data-name="testCreate">
<div class="grid_3 alpha">
<p>
<span class="icon success"></span><b class="testname message success">testCreate</b>
</p>
<p class="summary">Executed in 0.061 seconds.</p>
</div>
<div class="grid_5 omega outputinfo"></div>
<div class="clear"></div>
</div>
<div class="testcase clearfix failure grid_8 alpha omega" data-name="testSave">
<div class="grid_3 alpha">
<p>
<span class="icon failure"></span><b class="testname message failure">testSave</b>
</p>
<p class="summary">Executed in 0.097 seconds.</p>
</div>
<div class="grid_5 omega outputinfo">
<div class="details">
<p>
<b class="message">Assertion failed: 

assert response.redirectedUrl == '/bitacoraPrecio/show/1'
       |        |             |
       |        null          false
       org.codehaus.groovy.grails.plugins.testing.GrailsMockHttpServletResponse@698b41da
</b>
</p>
<pre>junit.framework.AssertionFailedError: Assertion failed: 

assert response.redirectedUrl == '/bitacoraPrecio/show/1'
       |        |             |
       |        null          false
       org.codehaus.groovy.grails.plugins.testing.GrailsMockHttpServletResponse@698b41da

	at bestprice.BitacoraPrecioControllerTests.testSave(BitacoraPrecioControllerTests.groovy:44)
</pre>
</div>
</div>
<div class="clear"></div>
</div>
<div class="testcase clearfix failure grid_8 alpha omega" data-name="testShow">
<div class="grid_3 alpha">
<p>
<span class="icon failure"></span><b class="testname message failure">testShow</b>
</p>
<p class="summary">Executed in 0.109 seconds.</p>
</div>
<div class="grid_5 omega outputinfo">
<div class="details">
<p>
<b class="message">Assertion failed: 

assert bitacoraPrecio.save() != null
       |              |      |
       |              null   false
       bestprice.BitacoraPrecio : null
</b>
</p>
<pre>junit.framework.AssertionFailedError: Assertion failed: 

assert bitacoraPrecio.save() != null
       |              |      |
       |              null   false
       bestprice.BitacoraPrecio : null

	at bestprice.BitacoraPrecioControllerTests.testShow(BitacoraPrecioControllerTests.groovy:59)
</pre>
</div>
</div>
<div class="clear"></div>
</div>
<div class="testcase clearfix failure grid_8 alpha omega" data-name="testEdit">
<div class="grid_3 alpha">
<p>
<span class="icon failure"></span><b class="testname message failure">testEdit</b>
</p>
<p class="summary">Executed in 0.043 seconds.</p>
</div>
<div class="grid_5 omega outputinfo">
<div class="details">
<p>
<b class="message">Assertion failed: 

assert bitacoraPrecio.save() != null
       |              |      |
       |              null   false
       bestprice.BitacoraPrecio : null
</b>
</p>
<pre>junit.framework.AssertionFailedError: Assertion failed: 

assert bitacoraPrecio.save() != null
       |              |      |
       |              null   false
       bestprice.BitacoraPrecio : null

	at bestprice.BitacoraPrecioControllerTests.testEdit(BitacoraPrecioControllerTests.groovy:78)
</pre>
</div>
</div>
<div class="clear"></div>
</div>
<div class="testcase clearfix failure grid_8 alpha omega" data-name="testUpdate">
<div class="grid_3 alpha">
<p>
<span class="icon failure"></span><b class="testname message failure">testUpdate</b>
</p>
<p class="summary">Executed in 0.039 seconds.</p>
</div>
<div class="grid_5 omega outputinfo">
<div class="details">
<p>
<b class="message">Assertion failed: 

assert bitacoraPrecio.save() != null
       |              |      |
       |              null   false
       bestprice.BitacoraPrecio : null
</b>
</p>
<pre>junit.framework.AssertionFailedError: Assertion failed: 

assert bitacoraPrecio.save() != null
       |              |      |
       |              null   false
       bestprice.BitacoraPrecio : null

	at bestprice.BitacoraPrecioControllerTests.testUpdate(BitacoraPrecioControllerTests.groovy:99)
</pre>
</div>
</div>
<div class="clear"></div>
</div>
<div class="testcase clearfix failure grid_8 alpha omega" data-name="testDelete">
<div class="grid_3 alpha">
<p>
<span class="icon failure"></span><b class="testname message failure">testDelete</b>
</p>
<p class="summary">Executed in 0.04 seconds.</p>
</div>
<div class="grid_5 omega outputinfo">
<div class="details">
<p>
<b class="message">Assertion failed: 

assert bitacoraPrecio.save() != null
       |              |      |
       |              null   false
       bestprice.BitacoraPrecio : null
</b>
</p>
<pre>junit.framework.AssertionFailedError: Assertion failed: 

assert bitacoraPrecio.save() != null
       |              |      |
       |              null   false
       bestprice.BitacoraPrecio : null

	at bestprice.BitacoraPrecioControllerTests.testDelete(BitacoraPrecioControllerTests.groovy:143)
</pre>
</div>
</div>
<div class="clear"></div>
</div>
<div class="clearfix output footer">
<div class="sysout">
<h2>Standard output</h2>
<pre class="stdout">--Output from testIndex--
--Output from testList--
--Output from testCreate--
--Output from testSave--
--Output from testShow--
--Output from testEdit--
--Output from testUpdate--
--Output from testDelete--
</pre>
</div>
<div class="syserr">
<h2>System error</h2>
<pre class="syserr">--Output from testIndex--
--Output from testList--
--Output from testCreate--
--Output from testSave--
--Output from testShow--
--Output from testEdit--
--Output from testUpdate--
--Output from testDelete--
</pre>
</div>
</div>
<div class="clear"></div>
</div>
<div class="testsuite failure">
<div class="header">
<h2>CompradorControllerTests</h2>
<h3>
                        Executed
                        8
                        tests
                    
                        with
                        5 failures
                        .
                    </h3>
</div>
<div class="testcase clearfix success grid_8 alpha omega" data-name="testIndex">
<div class="grid_3 alpha">
<p>
<span class="icon success"></span><b class="testname message success">testIndex</b>
</p>
<p class="summary">Executed in 0.167 seconds.</p>
</div>
<div class="grid_5 omega outputinfo"></div>
<div class="clear"></div>
</div>
<div class="testcase clearfix success grid_8 alpha omega" data-name="testList">
<div class="grid_3 alpha">
<p>
<span class="icon success"></span><b class="testname message success">testList</b>
</p>
<p class="summary">Executed in 0.044 seconds.</p>
</div>
<div class="grid_5 omega outputinfo"></div>
<div class="clear"></div>
</div>
<div class="testcase clearfix success grid_8 alpha omega" data-name="testCreate">
<div class="grid_3 alpha">
<p>
<span class="icon success"></span><b class="testname message success">testCreate</b>
</p>
<p class="summary">Executed in 0.054 seconds.</p>
</div>
<div class="grid_5 omega outputinfo"></div>
<div class="clear"></div>
</div>
<div class="testcase clearfix failure grid_8 alpha omega" data-name="testSave">
<div class="grid_3 alpha">
<p>
<span class="icon failure"></span><b class="testname message failure">testSave</b>
</p>
<p class="summary">Executed in 0.062 seconds.</p>
</div>
<div class="grid_5 omega outputinfo">
<div class="details">
<p>
<b class="message">Assertion failed: 

assert response.redirectedUrl == '/comprador/show/1'
       |        |             |
       |        null          false
       org.codehaus.groovy.grails.plugins.testing.GrailsMockHttpServletResponse@376502fc
</b>
</p>
<pre>junit.framework.AssertionFailedError: Assertion failed: 

assert response.redirectedUrl == '/comprador/show/1'
       |        |             |
       |        null          false
       org.codehaus.groovy.grails.plugins.testing.GrailsMockHttpServletResponse@376502fc

	at bestprice.CompradorControllerTests.testSave(CompradorControllerTests.groovy:44)
</pre>
</div>
</div>
<div class="clear"></div>
</div>
<div class="testcase clearfix failure grid_8 alpha omega" data-name="testShow">
<div class="grid_3 alpha">
<p>
<span class="icon failure"></span><b class="testname message failure">testShow</b>
</p>
<p class="summary">Executed in 0.075 seconds.</p>
</div>
<div class="grid_5 omega outputinfo">
<div class="details">
<p>
<b class="message">Assertion failed: 

assert comprador.save() != null
       |         |      |
       |         null   false
       bestprice.Comprador : null
</b>
</p>
<pre>junit.framework.AssertionFailedError: Assertion failed: 

assert comprador.save() != null
       |         |      |
       |         null   false
       bestprice.Comprador : null

	at bestprice.CompradorControllerTests.testShow(CompradorControllerTests.groovy:59)
</pre>
</div>
</div>
<div class="clear"></div>
</div>
<div class="testcase clearfix failure grid_8 alpha omega" data-name="testEdit">
<div class="grid_3 alpha">
<p>
<span class="icon failure"></span><b class="testname message failure">testEdit</b>
</p>
<p class="summary">Executed in 0.059 seconds.</p>
</div>
<div class="grid_5 omega outputinfo">
<div class="details">
<p>
<b class="message">Assertion failed: 

assert comprador.save() != null
       |         |      |
       |         null   false
       bestprice.Comprador : null
</b>
</p>
<pre>junit.framework.AssertionFailedError: Assertion failed: 

assert comprador.save() != null
       |         |      |
       |         null   false
       bestprice.Comprador : null

	at bestprice.CompradorControllerTests.testEdit(CompradorControllerTests.groovy:78)
</pre>
</div>
</div>
<div class="clear"></div>
</div>
<div class="testcase clearfix failure grid_8 alpha omega" data-name="testUpdate">
<div class="grid_3 alpha">
<p>
<span class="icon failure"></span><b class="testname message failure">testUpdate</b>
</p>
<p class="summary">Executed in 0.057 seconds.</p>
</div>
<div class="grid_5 omega outputinfo">
<div class="details">
<p>
<b class="message">Assertion failed: 

assert comprador.save() != null
       |         |      |
       |         null   false
       bestprice.Comprador : null
</b>
</p>
<pre>junit.framework.AssertionFailedError: Assertion failed: 

assert comprador.save() != null
       |         |      |
       |         null   false
       bestprice.Comprador : null

	at bestprice.CompradorControllerTests.testUpdate(CompradorControllerTests.groovy:99)
</pre>
</div>
</div>
<div class="clear"></div>
</div>
<div class="testcase clearfix failure grid_8 alpha omega" data-name="testDelete">
<div class="grid_3 alpha">
<p>
<span class="icon failure"></span><b class="testname message failure">testDelete</b>
</p>
<p class="summary">Executed in 0.065 seconds.</p>
</div>
<div class="grid_5 omega outputinfo">
<div class="details">
<p>
<b class="message">Assertion failed: 

assert comprador.save() != null
       |         |      |
       |         null   false
       bestprice.Comprador : null
</b>
</p>
<pre>junit.framework.AssertionFailedError: Assertion failed: 

assert comprador.save() != null
       |         |      |
       |         null   false
       bestprice.Comprador : null

	at bestprice.CompradorControllerTests.testDelete(CompradorControllerTests.groovy:143)
</pre>
</div>
</div>
<div class="clear"></div>
</div>
<div class="clearfix output footer">
<div class="sysout">
<h2>Standard output</h2>
<pre class="stdout">--Output from testIndex--
--Output from testList--
--Output from testCreate--
--Output from testSave--
--Output from testShow--
--Output from testEdit--
--Output from testUpdate--
--Output from testDelete--
</pre>
</div>
<div class="syserr">
<h2>System error</h2>
<pre class="syserr">--Output from testIndex--
--Output from testList--
--Output from testCreate--
--Output from testSave--
--Output from testShow--
--Output from testEdit--
--Output from testUpdate--
--Output from testDelete--
</pre>
</div>
</div>
<div class="clear"></div>
</div>
<div class="testsuite failure">
<div class="header">
<h2>EstadoControllerTests</h2>
<h3>
                        Executed
                        8
                        tests
                    
                        with
                        5 failures
                        .
                    </h3>
</div>
<div class="testcase clearfix success grid_8 alpha omega" data-name="testIndex">
<div class="grid_3 alpha">
<p>
<span class="icon success"></span><b class="testname message success">testIndex</b>
</p>
<p class="summary">Executed in 0.082 seconds.</p>
</div>
<div class="grid_5 omega outputinfo"></div>
<div class="clear"></div>
</div>
<div class="testcase clearfix success grid_8 alpha omega" data-name="testList">
<div class="grid_3 alpha">
<p>
<span class="icon success"></span><b class="testname message success">testList</b>
</p>
<p class="summary">Executed in 0.034 seconds.</p>
</div>
<div class="grid_5 omega outputinfo"></div>
<div class="clear"></div>
</div>
<div class="testcase clearfix success grid_8 alpha omega" data-name="testCreate">
<div class="grid_3 alpha">
<p>
<span class="icon success"></span><b class="testname message success">testCreate</b>
</p>
<p class="summary">Executed in 0.031 seconds.</p>
</div>
<div class="grid_5 omega outputinfo"></div>
<div class="clear"></div>
</div>
<div class="testcase clearfix failure grid_8 alpha omega" data-name="testSave">
<div class="grid_3 alpha">
<p>
<span class="icon failure"></span><b class="testname message failure">testSave</b>
</p>
<p class="summary">Executed in 0.039 seconds.</p>
</div>
<div class="grid_5 omega outputinfo">
<div class="details">
<p>
<b class="message">Assertion failed: 

assert response.redirectedUrl == '/estado/show/1'
       |        |             |
       |        null          false
       org.codehaus.groovy.grails.plugins.testing.GrailsMockHttpServletResponse@291b5077
</b>
</p>
<pre>junit.framework.AssertionFailedError: Assertion failed: 

assert response.redirectedUrl == '/estado/show/1'
       |        |             |
       |        null          false
       org.codehaus.groovy.grails.plugins.testing.GrailsMockHttpServletResponse@291b5077

	at bestprice.EstadoControllerTests.testSave(EstadoControllerTests.groovy:49)
</pre>
</div>
</div>
<div class="clear"></div>
</div>
<div class="testcase clearfix failure grid_8 alpha omega" data-name="testShow">
<div class="grid_3 alpha">
<p>
<span class="icon failure"></span><b class="testname message failure">testShow</b>
</p>
<p class="summary">Executed in 0.038 seconds.</p>
</div>
<div class="grid_5 omega outputinfo">
<div class="details">
<p>
<b class="message">Assertion failed: 

assert estado.save() != null
       |      |      |
       |      null   false
       bestprice.Estado : null
</b>
</p>
<pre>junit.framework.AssertionFailedError: Assertion failed: 

assert estado.save() != null
       |      |      |
       |      null   false
       bestprice.Estado : null

	at bestprice.EstadoControllerTests.testShow(EstadoControllerTests.groovy:64)
</pre>
</div>
</div>
<div class="clear"></div>
</div>
<div class="testcase clearfix failure grid_8 alpha omega" data-name="testEdit">
<div class="grid_3 alpha">
<p>
<span class="icon failure"></span><b class="testname message failure">testEdit</b>
</p>
<p class="summary">Executed in 0.035 seconds.</p>
</div>
<div class="grid_5 omega outputinfo">
<div class="details">
<p>
<b class="message">Assertion failed: 

assert estado.save() != null
       |      |      |
       |      null   false
       bestprice.Estado : null
</b>
</p>
<pre>junit.framework.AssertionFailedError: Assertion failed: 

assert estado.save() != null
       |      |      |
       |      null   false
       bestprice.Estado : null

	at bestprice.EstadoControllerTests.testEdit(EstadoControllerTests.groovy:83)
</pre>
</div>
</div>
<div class="clear"></div>
</div>
<div class="testcase clearfix failure grid_8 alpha omega" data-name="testUpdate">
<div class="grid_3 alpha">
<p>
<span class="icon failure"></span><b class="testname message failure">testUpdate</b>
</p>
<p class="summary">Executed in 0.034 seconds.</p>
</div>
<div class="grid_5 omega outputinfo">
<div class="details">
<p>
<b class="message">Assertion failed: 

assert estado.save() != null
       |      |      |
       |      null   false
       bestprice.Estado : null
</b>
</p>
<pre>junit.framework.AssertionFailedError: Assertion failed: 

assert estado.save() != null
       |      |      |
       |      null   false
       bestprice.Estado : null

	at bestprice.EstadoControllerTests.testUpdate(EstadoControllerTests.groovy:104)
</pre>
</div>
</div>
<div class="clear"></div>
</div>
<div class="testcase clearfix failure grid_8 alpha omega" data-name="testDelete">
<div class="grid_3 alpha">
<p>
<span class="icon failure"></span><b class="testname message failure">testDelete</b>
</p>
<p class="summary">Executed in 0.038 seconds.</p>
</div>
<div class="grid_5 omega outputinfo">
<div class="details">
<p>
<b class="message">Assertion failed: 

assert estado.save() != null
       |      |      |
       |      null   false
       bestprice.Estado : null
</b>
</p>
<pre>junit.framework.AssertionFailedError: Assertion failed: 

assert estado.save() != null
       |      |      |
       |      null   false
       bestprice.Estado : null

	at bestprice.EstadoControllerTests.testDelete(EstadoControllerTests.groovy:148)
</pre>
</div>
</div>
<div class="clear"></div>
</div>
<div class="clearfix output footer">
<div class="sysout">
<h2>Standard output</h2>
<pre class="stdout">--Output from testIndex--
--Output from testList--
--Output from testCreate--
--Output from testSave--
--Output from testShow--
--Output from testEdit--
--Output from testUpdate--
--Output from testDelete--
</pre>
</div>
<div class="syserr">
<h2>System error</h2>
<pre class="syserr">--Output from testIndex--
--Output from testList--
--Output from testCreate--
--Output from testSave--
--Output from testShow--
--Output from testEdit--
--Output from testUpdate--
--Output from testDelete--
</pre>
</div>
</div>
<div class="clear"></div>
</div>
<div class="testsuite failure">
<div class="header">
<h2>EstatusControllerTests</h2>
<h3>
                        Executed
                        8
                        tests
                    
                        with
                        5 failures
                        .
                    </h3>
</div>
<div class="testcase clearfix success grid_8 alpha omega" data-name="testIndex">
<div class="grid_3 alpha">
<p>
<span class="icon success"></span><b class="testname message success">testIndex</b>
</p>
<p class="summary">Executed in 0.053 seconds.</p>
</div>
<div class="grid_5 omega outputinfo"></div>
<div class="clear"></div>
</div>
<div class="testcase clearfix success grid_8 alpha omega" data-name="testList">
<div class="grid_3 alpha">
<p>
<span class="icon success"></span><b class="testname message success">testList</b>
</p>
<p class="summary">Executed in 0.03 seconds.</p>
</div>
<div class="grid_5 omega outputinfo"></div>
<div class="clear"></div>
</div>
<div class="testcase clearfix success grid_8 alpha omega" data-name="testCreate">
<div class="grid_3 alpha">
<p>
<span class="icon success"></span><b class="testname message success">testCreate</b>
</p>
<p class="summary">Executed in 0.027 seconds.</p>
</div>
<div class="grid_5 omega outputinfo"></div>
<div class="clear"></div>
</div>
<div class="testcase clearfix failure grid_8 alpha omega" data-name="testSave">
<div class="grid_3 alpha">
<p>
<span class="icon failure"></span><b class="testname message failure">testSave</b>
</p>
<p class="summary">Executed in 0.034 seconds.</p>
</div>
<div class="grid_5 omega outputinfo">
<div class="details">
<p>
<b class="message">Assertion failed: 

assert response.redirectedUrl == '/estatus/show/1'
       |        |             |
       |        null          false
       org.codehaus.groovy.grails.plugins.testing.GrailsMockHttpServletResponse@3513126e
</b>
</p>
<pre>junit.framework.AssertionFailedError: Assertion failed: 

assert response.redirectedUrl == '/estatus/show/1'
       |        |             |
       |        null          false
       org.codehaus.groovy.grails.plugins.testing.GrailsMockHttpServletResponse@3513126e

	at bestprice.EstatusControllerTests.testSave(EstatusControllerTests.groovy:49)
</pre>
</div>
</div>
<div class="clear"></div>
</div>
<div class="testcase clearfix failure grid_8 alpha omega" data-name="testShow">
<div class="grid_3 alpha">
<p>
<span class="icon failure"></span><b class="testname message failure">testShow</b>
</p>
<p class="summary">Executed in 0.032 seconds.</p>
</div>
<div class="grid_5 omega outputinfo">
<div class="details">
<p>
<b class="message">Assertion failed: 

assert estatus.save() != null
       |       |      |
       |       null   false
       bestprice.Estatus : null
</b>
</p>
<pre>junit.framework.AssertionFailedError: Assertion failed: 

assert estatus.save() != null
       |       |      |
       |       null   false
       bestprice.Estatus : null

	at bestprice.EstatusControllerTests.testShow(EstatusControllerTests.groovy:64)
</pre>
</div>
</div>
<div class="clear"></div>
</div>
<div class="testcase clearfix failure grid_8 alpha omega" data-name="testEdit">
<div class="grid_3 alpha">
<p>
<span class="icon failure"></span><b class="testname message failure">testEdit</b>
</p>
<p class="summary">Executed in 0.031 seconds.</p>
</div>
<div class="grid_5 omega outputinfo">
<div class="details">
<p>
<b class="message">Assertion failed: 

assert estatus.save() != null
       |       |      |
       |       null   false
       bestprice.Estatus : null
</b>
</p>
<pre>junit.framework.AssertionFailedError: Assertion failed: 

assert estatus.save() != null
       |       |      |
       |       null   false
       bestprice.Estatus : null

	at bestprice.EstatusControllerTests.testEdit(EstatusControllerTests.groovy:83)
</pre>
</div>
</div>
<div class="clear"></div>
</div>
<div class="testcase clearfix failure grid_8 alpha omega" data-name="testUpdate">
<div class="grid_3 alpha">
<p>
<span class="icon failure"></span><b class="testname message failure">testUpdate</b>
</p>
<p class="summary">Executed in 0.034 seconds.</p>
</div>
<div class="grid_5 omega outputinfo">
<div class="details">
<p>
<b class="message">Assertion failed: 

assert estatus.save() != null
       |       |      |
       |       null   false
       bestprice.Estatus : null
</b>
</p>
<pre>junit.framework.AssertionFailedError: Assertion failed: 

assert estatus.save() != null
       |       |      |
       |       null   false
       bestprice.Estatus : null

	at bestprice.EstatusControllerTests.testUpdate(EstatusControllerTests.groovy:104)
</pre>
</div>
</div>
<div class="clear"></div>
</div>
<div class="testcase clearfix failure grid_8 alpha omega" data-name="testDelete">
<div class="grid_3 alpha">
<p>
<span class="icon failure"></span><b class="testname message failure">testDelete</b>
</p>
<p class="summary">Executed in 0.039 seconds.</p>
</div>
<div class="grid_5 omega outputinfo">
<div class="details">
<p>
<b class="message">Assertion failed: 

assert estatus.save() != null
       |       |      |
       |       null   false
       bestprice.Estatus : null
</b>
</p>
<pre>junit.framework.AssertionFailedError: Assertion failed: 

assert estatus.save() != null
       |       |      |
       |       null   false
       bestprice.Estatus : null

	at bestprice.EstatusControllerTests.testDelete(EstatusControllerTests.groovy:148)
</pre>
</div>
</div>
<div class="clear"></div>
</div>
<div class="clearfix output footer">
<div class="sysout">
<h2>Standard output</h2>
<pre class="stdout">--Output from testIndex--
--Output from testList--
--Output from testCreate--
--Output from testSave--
--Output from testShow--
--Output from testEdit--
--Output from testUpdate--
--Output from testDelete--
</pre>
</div>
<div class="syserr">
<h2>System error</h2>
<pre class="syserr">--Output from testIndex--
--Output from testList--
--Output from testCreate--
--Output from testSave--
--Output from testShow--
--Output from testEdit--
--Output from testUpdate--
--Output from testDelete--
</pre>
</div>
</div>
<div class="clear"></div>
</div>
<div class="testsuite failure">
<div class="header">
<h2>FormaPagoControllerTests</h2>
<h3>
                        Executed
                        8
                        tests
                    
                        with
                        5 failures
                        .
                    </h3>
</div>
<div class="testcase clearfix success grid_8 alpha omega" data-name="testIndex">
<div class="grid_3 alpha">
<p>
<span class="icon success"></span><b class="testname message success">testIndex</b>
</p>
<p class="summary">Executed in 0.077 seconds.</p>
</div>
<div class="grid_5 omega outputinfo"></div>
<div class="clear"></div>
</div>
<div class="testcase clearfix success grid_8 alpha omega" data-name="testList">
<div class="grid_3 alpha">
<p>
<span class="icon success"></span><b class="testname message success">testList</b>
</p>
<p class="summary">Executed in 0.033 seconds.</p>
</div>
<div class="grid_5 omega outputinfo"></div>
<div class="clear"></div>
</div>
<div class="testcase clearfix success grid_8 alpha omega" data-name="testCreate">
<div class="grid_3 alpha">
<p>
<span class="icon success"></span><b class="testname message success">testCreate</b>
</p>
<p class="summary">Executed in 0.027 seconds.</p>
</div>
<div class="grid_5 omega outputinfo"></div>
<div class="clear"></div>
</div>
<div class="testcase clearfix failure grid_8 alpha omega" data-name="testSave">
<div class="grid_3 alpha">
<p>
<span class="icon failure"></span><b class="testname message failure">testSave</b>
</p>
<p class="summary">Executed in 0.034 seconds.</p>
</div>
<div class="grid_5 omega outputinfo">
<div class="details">
<p>
<b class="message">Assertion failed: 

assert response.redirectedUrl == '/formaPago/show/1'
       |        |             |
       |        null          false
       org.codehaus.groovy.grails.plugins.testing.GrailsMockHttpServletResponse@a5347c3
</b>
</p>
<pre>junit.framework.AssertionFailedError: Assertion failed: 

assert response.redirectedUrl == '/formaPago/show/1'
       |        |             |
       |        null          false
       org.codehaus.groovy.grails.plugins.testing.GrailsMockHttpServletResponse@a5347c3

	at bestprice.FormaPagoControllerTests.testSave(FormaPagoControllerTests.groovy:44)
</pre>
</div>
</div>
<div class="clear"></div>
</div>
<div class="testcase clearfix failure grid_8 alpha omega" data-name="testShow">
<div class="grid_3 alpha">
<p>
<span class="icon failure"></span><b class="testname message failure">testShow</b>
</p>
<p class="summary">Executed in 0.031 seconds.</p>
</div>
<div class="grid_5 omega outputinfo">
<div class="details">
<p>
<b class="message">Assertion failed: 

assert formaPago.save() != null
       |         |      |
       |         null   false
       bestprice.FormaPago : null
</b>
</p>
<pre>junit.framework.AssertionFailedError: Assertion failed: 

assert formaPago.save() != null
       |         |      |
       |         null   false
       bestprice.FormaPago : null

	at bestprice.FormaPagoControllerTests.testShow(FormaPagoControllerTests.groovy:59)
</pre>
</div>
</div>
<div class="clear"></div>
</div>
<div class="testcase clearfix failure grid_8 alpha omega" data-name="testEdit">
<div class="grid_3 alpha">
<p>
<span class="icon failure"></span><b class="testname message failure">testEdit</b>
</p>
<p class="summary">Executed in 0.029 seconds.</p>
</div>
<div class="grid_5 omega outputinfo">
<div class="details">
<p>
<b class="message">Assertion failed: 

assert formaPago.save() != null
       |         |      |
       |         null   false
       bestprice.FormaPago : null
</b>
</p>
<pre>junit.framework.AssertionFailedError: Assertion failed: 

assert formaPago.save() != null
       |         |      |
       |         null   false
       bestprice.FormaPago : null

	at bestprice.FormaPagoControllerTests.testEdit(FormaPagoControllerTests.groovy:78)
</pre>
</div>
</div>
<div class="clear"></div>
</div>
<div class="testcase clearfix failure grid_8 alpha omega" data-name="testUpdate">
<div class="grid_3 alpha">
<p>
<span class="icon failure"></span><b class="testname message failure">testUpdate</b>
</p>
<p class="summary">Executed in 0.049 seconds.</p>
</div>
<div class="grid_5 omega outputinfo">
<div class="details">
<p>
<b class="message">Assertion failed: 

assert formaPago.save() != null
       |         |      |
       |         null   false
       bestprice.FormaPago : null
</b>
</p>
<pre>junit.framework.AssertionFailedError: Assertion failed: 

assert formaPago.save() != null
       |         |      |
       |         null   false
       bestprice.FormaPago : null

	at bestprice.FormaPagoControllerTests.testUpdate(FormaPagoControllerTests.groovy:99)
</pre>
</div>
</div>
<div class="clear"></div>
</div>
<div class="testcase clearfix failure grid_8 alpha omega" data-name="testDelete">
<div class="grid_3 alpha">
<p>
<span class="icon failure"></span><b class="testname message failure">testDelete</b>
</p>
<p class="summary">Executed in 0.029 seconds.</p>
</div>
<div class="grid_5 omega outputinfo">
<div class="details">
<p>
<b class="message">Assertion failed: 

assert formaPago.save() != null
       |         |      |
       |         null   false
       bestprice.FormaPago : null
</b>
</p>
<pre>junit.framework.AssertionFailedError: Assertion failed: 

assert formaPago.save() != null
       |         |      |
       |         null   false
       bestprice.FormaPago : null

	at bestprice.FormaPagoControllerTests.testDelete(FormaPagoControllerTests.groovy:143)
</pre>
</div>
</div>
<div class="clear"></div>
</div>
<div class="clearfix output footer">
<div class="sysout">
<h2>Standard output</h2>
<pre class="stdout">--Output from testIndex--
--Output from testList--
--Output from testCreate--
--Output from testSave--
--Output from testShow--
--Output from testEdit--
--Output from testUpdate--
--Output from testDelete--
</pre>
</div>
<div class="syserr">
<h2>System error</h2>
<pre class="syserr">--Output from testIndex--
--Output from testList--
--Output from testCreate--
--Output from testSave--
--Output from testShow--
--Output from testEdit--
--Output from testUpdate--
--Output from testDelete--
</pre>
</div>
</div>
<div class="clear"></div>
</div>
<div class="testsuite failure">
<div class="header">
<h2>MarcaControllerTests</h2>
<h3>
                        Executed
                        8
                        tests
                    
                        with
                        5 failures
                        .
                    </h3>
</div>
<div class="testcase clearfix success grid_8 alpha omega" data-name="testIndex">
<div class="grid_3 alpha">
<p>
<span class="icon success"></span><b class="testname message success">testIndex</b>
</p>
<p class="summary">Executed in 0.076 seconds.</p>
</div>
<div class="grid_5 omega outputinfo"></div>
<div class="clear"></div>
</div>
<div class="testcase clearfix success grid_8 alpha omega" data-name="testList">
<div class="grid_3 alpha">
<p>
<span class="icon success"></span><b class="testname message success">testList</b>
</p>
<p class="summary">Executed in 0.029 seconds.</p>
</div>
<div class="grid_5 omega outputinfo"></div>
<div class="clear"></div>
</div>
<div class="testcase clearfix success grid_8 alpha omega" data-name="testCreate">
<div class="grid_3 alpha">
<p>
<span class="icon success"></span><b class="testname message success">testCreate</b>
</p>
<p class="summary">Executed in 0.026 seconds.</p>
</div>
<div class="grid_5 omega outputinfo"></div>
<div class="clear"></div>
</div>
<div class="testcase clearfix failure grid_8 alpha omega" data-name="testSave">
<div class="grid_3 alpha">
<p>
<span class="icon failure"></span><b class="testname message failure">testSave</b>
</p>
<p class="summary">Executed in 0.034 seconds.</p>
</div>
<div class="grid_5 omega outputinfo">
<div class="details">
<p>
<b class="message">Assertion failed: 

assert response.redirectedUrl == '/marca/show/1'
       |        |             |
       |        null          false
       org.codehaus.groovy.grails.plugins.testing.GrailsMockHttpServletResponse@17829ea2
</b>
</p>
<pre>junit.framework.AssertionFailedError: Assertion failed: 

assert response.redirectedUrl == '/marca/show/1'
       |        |             |
       |        null          false
       org.codehaus.groovy.grails.plugins.testing.GrailsMockHttpServletResponse@17829ea2

	at bestprice.MarcaControllerTests.testSave(MarcaControllerTests.groovy:44)
</pre>
</div>
</div>
<div class="clear"></div>
</div>
<div class="testcase clearfix failure grid_8 alpha omega" data-name="testShow">
<div class="grid_3 alpha">
<p>
<span class="icon failure"></span><b class="testname message failure">testShow</b>
</p>
<p class="summary">Executed in 0.032 seconds.</p>
</div>
<div class="grid_5 omega outputinfo">
<div class="details">
<p>
<b class="message">Assertion failed: 

assert marca.save() != null
       |     |      |
       |     null   false
       bestprice.Marca : null
</b>
</p>
<pre>junit.framework.AssertionFailedError: Assertion failed: 

assert marca.save() != null
       |     |      |
       |     null   false
       bestprice.Marca : null

	at bestprice.MarcaControllerTests.testShow(MarcaControllerTests.groovy:59)
</pre>
</div>
</div>
<div class="clear"></div>
</div>
<div class="testcase clearfix failure grid_8 alpha omega" data-name="testEdit">
<div class="grid_3 alpha">
<p>
<span class="icon failure"></span><b class="testname message failure">testEdit</b>
</p>
<p class="summary">Executed in 0.032 seconds.</p>
</div>
<div class="grid_5 omega outputinfo">
<div class="details">
<p>
<b class="message">Assertion failed: 

assert marca.save() != null
       |     |      |
       |     null   false
       bestprice.Marca : null
</b>
</p>
<pre>junit.framework.AssertionFailedError: Assertion failed: 

assert marca.save() != null
       |     |      |
       |     null   false
       bestprice.Marca : null

	at bestprice.MarcaControllerTests.testEdit(MarcaControllerTests.groovy:78)
</pre>
</div>
</div>
<div class="clear"></div>
</div>
<div class="testcase clearfix failure grid_8 alpha omega" data-name="testUpdate">
<div class="grid_3 alpha">
<p>
<span class="icon failure"></span><b class="testname message failure">testUpdate</b>
</p>
<p class="summary">Executed in 0.034 seconds.</p>
</div>
<div class="grid_5 omega outputinfo">
<div class="details">
<p>
<b class="message">Assertion failed: 

assert marca.save() != null
       |     |      |
       |     null   false
       bestprice.Marca : null
</b>
</p>
<pre>junit.framework.AssertionFailedError: Assertion failed: 

assert marca.save() != null
       |     |      |
       |     null   false
       bestprice.Marca : null

	at bestprice.MarcaControllerTests.testUpdate(MarcaControllerTests.groovy:99)
</pre>
</div>
</div>
<div class="clear"></div>
</div>
<div class="testcase clearfix failure grid_8 alpha omega" data-name="testDelete">
<div class="grid_3 alpha">
<p>
<span class="icon failure"></span><b class="testname message failure">testDelete</b>
</p>
<p class="summary">Executed in 0.034 seconds.</p>
</div>
<div class="grid_5 omega outputinfo">
<div class="details">
<p>
<b class="message">Assertion failed: 

assert marca.save() != null
       |     |      |
       |     null   false
       bestprice.Marca : null
</b>
</p>
<pre>junit.framework.AssertionFailedError: Assertion failed: 

assert marca.save() != null
       |     |      |
       |     null   false
       bestprice.Marca : null

	at bestprice.MarcaControllerTests.testDelete(MarcaControllerTests.groovy:143)
</pre>
</div>
</div>
<div class="clear"></div>
</div>
<div class="clearfix output footer">
<div class="sysout">
<h2>Standard output</h2>
<pre class="stdout">--Output from testIndex--
--Output from testList--
--Output from testCreate--
--Output from testSave--
--Output from testShow--
--Output from testEdit--
--Output from testUpdate--
--Output from testDelete--
</pre>
</div>
<div class="syserr">
<h2>System error</h2>
<pre class="syserr">--Output from testIndex--
--Output from testList--
--Output from testCreate--
--Output from testSave--
--Output from testShow--
--Output from testEdit--
--Output from testUpdate--
--Output from testDelete--
</pre>
</div>
</div>
<div class="clear"></div>
</div>
<div class="testsuite error">
<div class="header">
<h2>NecesidadEncControllerTests</h2>
<h3>
                        Executed
                        8
                        tests
                    
                        with
                        one error

                        and
                        4 failures
                        .
                    </h3>
</div>
<div class="testcase clearfix success grid_8 alpha omega" data-name="testIndex">
<div class="grid_3 alpha">
<p>
<span class="icon success"></span><b class="testname message success">testIndex</b>
</p>
<p class="summary">Executed in 0.102 seconds.</p>
</div>
<div class="grid_5 omega outputinfo"></div>
<div class="clear"></div>
</div>
<div class="testcase clearfix success grid_8 alpha omega" data-name="testList">
<div class="grid_3 alpha">
<p>
<span class="icon success"></span><b class="testname message success">testList</b>
</p>
<p class="summary">Executed in 0.033 seconds.</p>
</div>
<div class="grid_5 omega outputinfo"></div>
<div class="clear"></div>
</div>
<div class="testcase clearfix success grid_8 alpha omega" data-name="testCreate">
<div class="grid_3 alpha">
<p>
<span class="icon success"></span><b class="testname message success">testCreate</b>
</p>
<p class="summary">Executed in 0.032 seconds.</p>
</div>
<div class="grid_5 omega outputinfo"></div>
<div class="clear"></div>
</div>
<div class="testcase clearfix error grid_8 alpha omega" data-name="testSave">
<div class="grid_3 alpha">
<p>
<span class="icon error"></span><b class="testname message error">testSave</b>
</p>
<p class="summary">Executed in 0.031 seconds.</p>
</div>
<div class="grid_5 omega outputinfo">
<div class="details">
<p>
<b class="message">Cannot get property 'currentUser' on null object</b>
</p>
<pre>java.lang.NullPointerException: Cannot get property 'currentUser' on null object
	at bestprice.NecesidadEncController.save(NecesidadEncController.groovy:53)
	at bestprice.NecesidadEncControllerTests.testSave(NecesidadEncControllerTests.groovy:34)
</pre>
</div>
</div>
<div class="clear"></div>
</div>
<div class="testcase clearfix failure grid_8 alpha omega" data-name="testShow">
<div class="grid_3 alpha">
<p>
<span class="icon failure"></span><b class="testname message failure">testShow</b>
</p>
<p class="summary">Executed in 0.038 seconds.</p>
</div>
<div class="grid_5 omega outputinfo">
<div class="details">
<p>
<b class="message">Assertion failed: 

assert necesidadEnc.save() != null
       |            |      |
       |            null   false
       bestprice.Comun : null
</b>
</p>
<pre>junit.framework.AssertionFailedError: Assertion failed: 

assert necesidadEnc.save() != null
       |            |      |
       |            null   false
       bestprice.Comun : null

	at bestprice.NecesidadEncControllerTests.testShow(NecesidadEncControllerTests.groovy:59)
</pre>
</div>
</div>
<div class="clear"></div>
</div>
<div class="testcase clearfix failure grid_8 alpha omega" data-name="testEdit">
<div class="grid_3 alpha">
<p>
<span class="icon failure"></span><b class="testname message failure">testEdit</b>
</p>
<p class="summary">Executed in 0.033 seconds.</p>
</div>
<div class="grid_5 omega outputinfo">
<div class="details">
<p>
<b class="message">Assertion failed: 

assert necesidadEnc.save() != null
       |            |      |
       |            null   false
       bestprice.Comun : null
</b>
</p>
<pre>junit.framework.AssertionFailedError: Assertion failed: 

assert necesidadEnc.save() != null
       |            |      |
       |            null   false
       bestprice.Comun : null

	at bestprice.NecesidadEncControllerTests.testEdit(NecesidadEncControllerTests.groovy:78)
</pre>
</div>
</div>
<div class="clear"></div>
</div>
<div class="testcase clearfix failure grid_8 alpha omega" data-name="testUpdate">
<div class="grid_3 alpha">
<p>
<span class="icon failure"></span><b class="testname message failure">testUpdate</b>
</p>
<p class="summary">Executed in 0.035 seconds.</p>
</div>
<div class="grid_5 omega outputinfo">
<div class="details">
<p>
<b class="message">Assertion failed: 

assert necesidadEnc.save() != null
       |            |      |
       |            null   false
       bestprice.Comun : null
</b>
</p>
<pre>junit.framework.AssertionFailedError: Assertion failed: 

assert necesidadEnc.save() != null
       |            |      |
       |            null   false
       bestprice.Comun : null

	at bestprice.NecesidadEncControllerTests.testUpdate(NecesidadEncControllerTests.groovy:99)
</pre>
</div>
</div>
<div class="clear"></div>
</div>
<div class="testcase clearfix failure grid_8 alpha omega" data-name="testDelete">
<div class="grid_3 alpha">
<p>
<span class="icon failure"></span><b class="testname message failure">testDelete</b>
</p>
<p class="summary">Executed in 0.035 seconds.</p>
</div>
<div class="grid_5 omega outputinfo">
<div class="details">
<p>
<b class="message">Assertion failed: 

assert necesidadEnc.save() != null
       |            |      |
       |            null   false
       bestprice.Comun : null
</b>
</p>
<pre>junit.framework.AssertionFailedError: Assertion failed: 

assert necesidadEnc.save() != null
       |            |      |
       |            null   false
       bestprice.Comun : null

	at bestprice.NecesidadEncControllerTests.testDelete(NecesidadEncControllerTests.groovy:143)
</pre>
</div>
</div>
<div class="clear"></div>
</div>
<div class="clearfix output footer">
<div class="sysout">
<h2>Standard output</h2>
<pre class="stdout">--Output from testIndex--
--Output from testList--
--Output from testCreate--
--Output from testSave--
--Output from testShow--
--Output from testEdit--
--Output from testUpdate--
--Output from testDelete--
</pre>
</div>
<div class="syserr">
<h2>System error</h2>
<pre class="syserr">--Output from testIndex--
--Output from testList--
--Output from testCreate--
--Output from testSave--
--Output from testShow--
--Output from testEdit--
--Output from testUpdate--
--Output from testDelete--
</pre>
</div>
</div>
<div class="clear"></div>
</div>
<div class="testsuite failure">
<div class="header">
<h2>PaisControllerTests</h2>
<h3>
                        Executed
                        8
                        tests
                    
                        with
                        5 failures
                        .
                    </h3>
</div>
<div class="testcase clearfix success grid_8 alpha omega" data-name="testIndex">
<div class="grid_3 alpha">
<p>
<span class="icon success"></span><b class="testname message success">testIndex</b>
</p>
<p class="summary">Executed in 0.068 seconds.</p>
</div>
<div class="grid_5 omega outputinfo"></div>
<div class="clear"></div>
</div>
<div class="testcase clearfix success grid_8 alpha omega" data-name="testList">
<div class="grid_3 alpha">
<p>
<span class="icon success"></span><b class="testname message success">testList</b>
</p>
<p class="summary">Executed in 0.029 seconds.</p>
</div>
<div class="grid_5 omega outputinfo"></div>
<div class="clear"></div>
</div>
<div class="testcase clearfix success grid_8 alpha omega" data-name="testCreate">
<div class="grid_3 alpha">
<p>
<span class="icon success"></span><b class="testname message success">testCreate</b>
</p>
<p class="summary">Executed in 0.025 seconds.</p>
</div>
<div class="grid_5 omega outputinfo"></div>
<div class="clear"></div>
</div>
<div class="testcase clearfix failure grid_8 alpha omega" data-name="testSave">
<div class="grid_3 alpha">
<p>
<span class="icon failure"></span><b class="testname message failure">testSave</b>
</p>
<p class="summary">Executed in 0.033 seconds.</p>
</div>
<div class="grid_5 omega outputinfo">
<div class="details">
<p>
<b class="message">Assertion failed: 

assert response.redirectedUrl == '/pais/show/1'
       |        |             |
       |        null          false
       org.codehaus.groovy.grails.plugins.testing.GrailsMockHttpServletResponse@3cca3147
</b>
</p>
<pre>junit.framework.AssertionFailedError: Assertion failed: 

assert response.redirectedUrl == '/pais/show/1'
       |        |             |
       |        null          false
       org.codehaus.groovy.grails.plugins.testing.GrailsMockHttpServletResponse@3cca3147

	at bestprice.PaisControllerTests.testSave(PaisControllerTests.groovy:49)
</pre>
</div>
</div>
<div class="clear"></div>
</div>
<div class="testcase clearfix failure grid_8 alpha omega" data-name="testShow">
<div class="grid_3 alpha">
<p>
<span class="icon failure"></span><b class="testname message failure">testShow</b>
</p>
<p class="summary">Executed in 0.039 seconds.</p>
</div>
<div class="grid_5 omega outputinfo">
<div class="details">
<p>
<b class="message">Assertion failed: 

assert pais.save() != null
       |    |      |
       |    null   false
       bestprice.Pais : null
</b>
</p>
<pre>junit.framework.AssertionFailedError: Assertion failed: 

assert pais.save() != null
       |    |      |
       |    null   false
       bestprice.Pais : null

	at bestprice.PaisControllerTests.testShow(PaisControllerTests.groovy:64)
</pre>
</div>
</div>
<div class="clear"></div>
</div>
<div class="testcase clearfix failure grid_8 alpha omega" data-name="testEdit">
<div class="grid_3 alpha">
<p>
<span class="icon failure"></span><b class="testname message failure">testEdit</b>
</p>
<p class="summary">Executed in 0.032 seconds.</p>
</div>
<div class="grid_5 omega outputinfo">
<div class="details">
<p>
<b class="message">Assertion failed: 

assert pais.save() != null
       |    |      |
       |    null   false
       bestprice.Pais : null
</b>
</p>
<pre>junit.framework.AssertionFailedError: Assertion failed: 

assert pais.save() != null
       |    |      |
       |    null   false
       bestprice.Pais : null

	at bestprice.PaisControllerTests.testEdit(PaisControllerTests.groovy:83)
</pre>
</div>
</div>
<div class="clear"></div>
</div>
<div class="testcase clearfix failure grid_8 alpha omega" data-name="testUpdate">
<div class="grid_3 alpha">
<p>
<span class="icon failure"></span><b class="testname message failure">testUpdate</b>
</p>
<p class="summary">Executed in 0.028 seconds.</p>
</div>
<div class="grid_5 omega outputinfo">
<div class="details">
<p>
<b class="message">Assertion failed: 

assert pais.save() != null
       |    |      |
       |    null   false
       bestprice.Pais : null
</b>
</p>
<pre>junit.framework.AssertionFailedError: Assertion failed: 

assert pais.save() != null
       |    |      |
       |    null   false
       bestprice.Pais : null

	at bestprice.PaisControllerTests.testUpdate(PaisControllerTests.groovy:104)
</pre>
</div>
</div>
<div class="clear"></div>
</div>
<div class="testcase clearfix failure grid_8 alpha omega" data-name="testDelete">
<div class="grid_3 alpha">
<p>
<span class="icon failure"></span><b class="testname message failure">testDelete</b>
</p>
<p class="summary">Executed in 0.03 seconds.</p>
</div>
<div class="grid_5 omega outputinfo">
<div class="details">
<p>
<b class="message">Assertion failed: 

assert pais.save() != null
       |    |      |
       |    null   false
       bestprice.Pais : null
</b>
</p>
<pre>junit.framework.AssertionFailedError: Assertion failed: 

assert pais.save() != null
       |    |      |
       |    null   false
       bestprice.Pais : null

	at bestprice.PaisControllerTests.testDelete(PaisControllerTests.groovy:148)
</pre>
</div>
</div>
<div class="clear"></div>
</div>
<div class="clearfix output footer">
<div class="sysout">
<h2>Standard output</h2>
<pre class="stdout">--Output from testIndex--
--Output from testList--
--Output from testCreate--
--Output from testSave--
--Output from testShow--
--Output from testEdit--
--Output from testUpdate--
--Output from testDelete--
</pre>
</div>
<div class="syserr">
<h2>System error</h2>
<pre class="syserr">--Output from testIndex--
--Output from testList--
--Output from testCreate--
--Output from testSave--
--Output from testShow--
--Output from testEdit--
--Output from testUpdate--
--Output from testDelete--
</pre>
</div>
</div>
<div class="clear"></div>
</div>
<div class="testsuite failure">
<div class="header">
<h2>PoblacionControllerTests</h2>
<h3>
                        Executed
                        8
                        tests
                    
                        with
                        5 failures
                        .
                    </h3>
</div>
<div class="testcase clearfix success grid_8 alpha omega" data-name="testIndex">
<div class="grid_3 alpha">
<p>
<span class="icon success"></span><b class="testname message success">testIndex</b>
</p>
<p class="summary">Executed in 0.054 seconds.</p>
</div>
<div class="grid_5 omega outputinfo"></div>
<div class="clear"></div>
</div>
<div class="testcase clearfix success grid_8 alpha omega" data-name="testList">
<div class="grid_3 alpha">
<p>
<span class="icon success"></span><b class="testname message success">testList</b>
</p>
<p class="summary">Executed in 0.027 seconds.</p>
</div>
<div class="grid_5 omega outputinfo"></div>
<div class="clear"></div>
</div>
<div class="testcase clearfix success grid_8 alpha omega" data-name="testCreate">
<div class="grid_3 alpha">
<p>
<span class="icon success"></span><b class="testname message success">testCreate</b>
</p>
<p class="summary">Executed in 0.049 seconds.</p>
</div>
<div class="grid_5 omega outputinfo"></div>
<div class="clear"></div>
</div>
<div class="testcase clearfix failure grid_8 alpha omega" data-name="testSave">
<div class="grid_3 alpha">
<p>
<span class="icon failure"></span><b class="testname message failure">testSave</b>
</p>
<p class="summary">Executed in 0.03 seconds.</p>
</div>
<div class="grid_5 omega outputinfo">
<div class="details">
<p>
<b class="message">Assertion failed: 

assert response.redirectedUrl == '/poblacion/show/1'
       |        |             |
       |        null          false
       org.codehaus.groovy.grails.plugins.testing.GrailsMockHttpServletResponse@46380f83
</b>
</p>
<pre>junit.framework.AssertionFailedError: Assertion failed: 

assert response.redirectedUrl == '/poblacion/show/1'
       |        |             |
       |        null          false
       org.codehaus.groovy.grails.plugins.testing.GrailsMockHttpServletResponse@46380f83

	at bestprice.PoblacionControllerTests.testSave(PoblacionControllerTests.groovy:49)
</pre>
</div>
</div>
<div class="clear"></div>
</div>
<div class="testcase clearfix failure grid_8 alpha omega" data-name="testShow">
<div class="grid_3 alpha">
<p>
<span class="icon failure"></span><b class="testname message failure">testShow</b>
</p>
<p class="summary">Executed in 0.029 seconds.</p>
</div>
<div class="grid_5 omega outputinfo">
<div class="details">
<p>
<b class="message">Assertion failed: 

assert poblacion.save() != null
       |         |      |
       |         null   false
       bestprice.Poblacion : null
</b>
</p>
<pre>junit.framework.AssertionFailedError: Assertion failed: 

assert poblacion.save() != null
       |         |      |
       |         null   false
       bestprice.Poblacion : null

	at bestprice.PoblacionControllerTests.testShow(PoblacionControllerTests.groovy:64)
</pre>
</div>
</div>
<div class="clear"></div>
</div>
<div class="testcase clearfix failure grid_8 alpha omega" data-name="testEdit">
<div class="grid_3 alpha">
<p>
<span class="icon failure"></span><b class="testname message failure">testEdit</b>
</p>
<p class="summary">Executed in 0.031 seconds.</p>
</div>
<div class="grid_5 omega outputinfo">
<div class="details">
<p>
<b class="message">Assertion failed: 

assert poblacion.save() != null
       |         |      |
       |         null   false
       bestprice.Poblacion : null
</b>
</p>
<pre>junit.framework.AssertionFailedError: Assertion failed: 

assert poblacion.save() != null
       |         |      |
       |         null   false
       bestprice.Poblacion : null

	at bestprice.PoblacionControllerTests.testEdit(PoblacionControllerTests.groovy:83)
</pre>
</div>
</div>
<div class="clear"></div>
</div>
<div class="testcase clearfix failure grid_8 alpha omega" data-name="testUpdate">
<div class="grid_3 alpha">
<p>
<span class="icon failure"></span><b class="testname message failure">testUpdate</b>
</p>
<p class="summary">Executed in 0.027 seconds.</p>
</div>
<div class="grid_5 omega outputinfo">
<div class="details">
<p>
<b class="message">Assertion failed: 

assert poblacion.save() != null
       |         |      |
       |         null   false
       bestprice.Poblacion : null
</b>
</p>
<pre>junit.framework.AssertionFailedError: Assertion failed: 

assert poblacion.save() != null
       |         |      |
       |         null   false
       bestprice.Poblacion : null

	at bestprice.PoblacionControllerTests.testUpdate(PoblacionControllerTests.groovy:104)
</pre>
</div>
</div>
<div class="clear"></div>
</div>
<div class="testcase clearfix failure grid_8 alpha omega" data-name="testDelete">
<div class="grid_3 alpha">
<p>
<span class="icon failure"></span><b class="testname message failure">testDelete</b>
</p>
<p class="summary">Executed in 0.028 seconds.</p>
</div>
<div class="grid_5 omega outputinfo">
<div class="details">
<p>
<b class="message">Assertion failed: 

assert poblacion.save() != null
       |         |      |
       |         null   false
       bestprice.Poblacion : null
</b>
</p>
<pre>junit.framework.AssertionFailedError: Assertion failed: 

assert poblacion.save() != null
       |         |      |
       |         null   false
       bestprice.Poblacion : null

	at bestprice.PoblacionControllerTests.testDelete(PoblacionControllerTests.groovy:148)
</pre>
</div>
</div>
<div class="clear"></div>
</div>
<div class="clearfix output footer">
<div class="sysout">
<h2>Standard output</h2>
<pre class="stdout">--Output from testIndex--
--Output from testList--
--Output from testCreate--
--Output from testSave--
--Output from testShow--
--Output from testEdit--
--Output from testUpdate--
--Output from testDelete--
</pre>
</div>
<div class="syserr">
<h2>System error</h2>
<pre class="syserr">--Output from testIndex--
--Output from testList--
--Output from testCreate--
--Output from testSave--
--Output from testShow--
--Output from testEdit--
--Output from testUpdate--
--Output from testDelete--
</pre>
</div>
</div>
<div class="clear"></div>
</div>
<div class="testsuite failure">
<div class="header">
<h2>VendedorControllerTests</h2>
<h3>
                        Executed
                        8
                        tests
                    
                        with
                        5 failures
                        .
                    </h3>
</div>
<div class="testcase clearfix success grid_8 alpha omega" data-name="testIndex">
<div class="grid_3 alpha">
<p>
<span class="icon success"></span><b class="testname message success">testIndex</b>
</p>
<p class="summary">Executed in 0.059 seconds.</p>
</div>
<div class="grid_5 omega outputinfo"></div>
<div class="clear"></div>
</div>
<div class="testcase clearfix success grid_8 alpha omega" data-name="testList">
<div class="grid_3 alpha">
<p>
<span class="icon success"></span><b class="testname message success">testList</b>
</p>
<p class="summary">Executed in 0.03 seconds.</p>
</div>
<div class="grid_5 omega outputinfo"></div>
<div class="clear"></div>
</div>
<div class="testcase clearfix success grid_8 alpha omega" data-name="testCreate">
<div class="grid_3 alpha">
<p>
<span class="icon success"></span><b class="testname message success">testCreate</b>
</p>
<p class="summary">Executed in 0.028 seconds.</p>
</div>
<div class="grid_5 omega outputinfo"></div>
<div class="clear"></div>
</div>
<div class="testcase clearfix failure grid_8 alpha omega" data-name="testSave">
<div class="grid_3 alpha">
<p>
<span class="icon failure"></span><b class="testname message failure">testSave</b>
</p>
<p class="summary">Executed in 0.035 seconds.</p>
</div>
<div class="grid_5 omega outputinfo">
<div class="details">
<p>
<b class="message">Assertion failed: 

assert response.redirectedUrl == '/vendedor/show/1'
       |        |             |
       |        null          false
       org.codehaus.groovy.grails.plugins.testing.GrailsMockHttpServletResponse@469a7754
</b>
</p>
<pre>junit.framework.AssertionFailedError: Assertion failed: 

assert response.redirectedUrl == '/vendedor/show/1'
       |        |             |
       |        null          false
       org.codehaus.groovy.grails.plugins.testing.GrailsMockHttpServletResponse@469a7754

	at bestprice.VendedorControllerTests.testSave(VendedorControllerTests.groovy:49)
</pre>
</div>
</div>
<div class="clear"></div>
</div>
<div class="testcase clearfix failure grid_8 alpha omega" data-name="testShow">
<div class="grid_3 alpha">
<p>
<span class="icon failure"></span><b class="testname message failure">testShow</b>
</p>
<p class="summary">Executed in 0.034 seconds.</p>
</div>
<div class="grid_5 omega outputinfo">
<div class="details">
<p>
<b class="message">Assertion failed: 

assert vendedor.save() != null
       |        |      |
       |        null   false
       bestprice.Vendedor : null
</b>
</p>
<pre>junit.framework.AssertionFailedError: Assertion failed: 

assert vendedor.save() != null
       |        |      |
       |        null   false
       bestprice.Vendedor : null

	at bestprice.VendedorControllerTests.testShow(VendedorControllerTests.groovy:64)
</pre>
</div>
</div>
<div class="clear"></div>
</div>
<div class="testcase clearfix failure grid_8 alpha omega" data-name="testEdit">
<div class="grid_3 alpha">
<p>
<span class="icon failure"></span><b class="testname message failure">testEdit</b>
</p>
<p class="summary">Executed in 0.034 seconds.</p>
</div>
<div class="grid_5 omega outputinfo">
<div class="details">
<p>
<b class="message">Assertion failed: 

assert vendedor.save() != null
       |        |      |
       |        null   false
       bestprice.Vendedor : null
</b>
</p>
<pre>junit.framework.AssertionFailedError: Assertion failed: 

assert vendedor.save() != null
       |        |      |
       |        null   false
       bestprice.Vendedor : null

	at bestprice.VendedorControllerTests.testEdit(VendedorControllerTests.groovy:83)
</pre>
</div>
</div>
<div class="clear"></div>
</div>
<div class="testcase clearfix failure grid_8 alpha omega" data-name="testUpdate">
<div class="grid_3 alpha">
<p>
<span class="icon failure"></span><b class="testname message failure">testUpdate</b>
</p>
<p class="summary">Executed in 0.031 seconds.</p>
</div>
<div class="grid_5 omega outputinfo">
<div class="details">
<p>
<b class="message">Assertion failed: 

assert vendedor.save() != null
       |        |      |
       |        null   false
       bestprice.Vendedor : null
</b>
</p>
<pre>junit.framework.AssertionFailedError: Assertion failed: 

assert vendedor.save() != null
       |        |      |
       |        null   false
       bestprice.Vendedor : null

	at bestprice.VendedorControllerTests.testUpdate(VendedorControllerTests.groovy:104)
</pre>
</div>
</div>
<div class="clear"></div>
</div>
<div class="testcase clearfix failure grid_8 alpha omega" data-name="testDelete">
<div class="grid_3 alpha">
<p>
<span class="icon failure"></span><b class="testname message failure">testDelete</b>
</p>
<p class="summary">Executed in 0.032 seconds.</p>
</div>
<div class="grid_5 omega outputinfo">
<div class="details">
<p>
<b class="message">Assertion failed: 

assert vendedor.save() != null
       |        |      |
       |        null   false
       bestprice.Vendedor : null
</b>
</p>
<pre>junit.framework.AssertionFailedError: Assertion failed: 

assert vendedor.save() != null
       |        |      |
       |        null   false
       bestprice.Vendedor : null

	at bestprice.VendedorControllerTests.testDelete(VendedorControllerTests.groovy:148)
</pre>
</div>
</div>
<div class="clear"></div>
</div>
<div class="clearfix output footer">
<div class="sysout">
<h2>Standard output</h2>
<pre class="stdout">--Output from testIndex--
--Output from testList--
--Output from testCreate--
--Output from testSave--
--Output from testShow--
--Output from testEdit--
--Output from testUpdate--
--Output from testDelete--
</pre>
</div>
<div class="syserr">
<h2>System error</h2>
<pre class="syserr">--Output from testIndex--
--Output from testList--
--Output from testCreate--
--Output from testSave--
--Output from testShow--
--Output from testEdit--
--Output from testUpdate--
--Output from testDelete--
</pre>
</div>
</div>
<div class="clear"></div>
</div>
<div class="testsuite error">
<div class="header">
<h2>ComunTests</h2>
<h3>
                        A single test executed
                    
                        with
                        2 errors
                        .
                    </h3>
</div>
<div class="testcase clearfix error grid_8 alpha omega" data-name="testSomething">
<div class="grid_3 alpha">
<p>
<span class="icon error"></span><b class="testname message error">testSomething</b>
</p>
<p class="summary">Executed in 0.021 seconds.</p>
</div>
<div class="grid_5 omega outputinfo">
<div class="details">
<p>
<b class="message">Error creating bean with name 'bestprice.Comun': Instantiation of bean failed; nested exception is org.springframework.beans.BeanInstantiationException: Could not instantiate bean class [bestprice.Comun]: Is it an abstract class?; nested exception is java.lang.InstantiationException</b>
</p>
<pre>org.springframework.beans.factory.BeanCreationException: Error creating bean with name 'bestprice.Comun': Instantiation of bean failed; nested exception is org.springframework.beans.BeanInstantiationException: Could not instantiate bean class [bestprice.Comun]: Is it an abstract class?; nested exception is java.lang.InstantiationException
	at grails.test.mixin.domain.DomainClassUnitTestMixin.mockDomain(DomainClassUnitTestMixin.groovy:165)
	at grails.test.mixin.domain.DomainClassUnitTestMixin.mockDomain(DomainClassUnitTestMixin.groovy:120)
Caused by: org.springframework.beans.BeanInstantiationException: Could not instantiate bean class [bestprice.Comun]: Is it an abstract class?; nested exception is java.lang.InstantiationException
Caused by: java.lang.InstantiationException
</pre>
</div>
<div class="details">
<p>
<b class="message"></b>
</p>
<pre>java.lang.NullPointerException
	at org.grails.datastore.mapping.core.DatastoreUtils.unbindSession(DatastoreUtils.java:362)
	at grails.test.mixin.domain.DomainClassUnitTestMixin.shutdownDatastoreImplementation(DomainClassUnitTestMixin.groovy:109)
</pre>
</div>
</div>
<div class="clear"></div>
</div>
<div class="clearfix output footer">
<div class="sysout">
<h2>Standard output</h2>
<pre class="stdout">--Output from testSomething--
</pre>
</div>
<div class="syserr">
<h2>System error</h2>
<pre class="syserr">--Output from testSomething--
</pre>
</div>
</div>
<div class="clear"></div>
</div>
<div class="testsuite failure">
<div class="header">
<h2>EstatusTests</h2>
<h3>
                        A single test executed
                    
                        with
                        one failure
                        .
                    </h3>
</div>
<div class="testcase clearfix failure grid_8 alpha omega" data-name="testSomething">
<div class="grid_3 alpha">
<p>
<span class="icon failure"></span><b class="testname message failure">testSomething</b>
</p>
<p class="summary">Executed in 0.015 seconds.</p>
</div>
<div class="grid_5 omega outputinfo">
<div class="details">
<p>
<b class="message">java.lang.AssertionError: Implement me</b>
</p>
<pre>junit.framework.AssertionFailedError: java.lang.AssertionError: Implement me
	at bestprice.EstatusTests.testSomething(EstatusTests.groovy:10)
</pre>
</div>
</div>
<div class="clear"></div>
</div>
<div class="clearfix output footer">
<div class="sysout">
<h2>Standard output</h2>
<pre class="stdout">--Output from testSomething--
</pre>
</div>
<div class="syserr">
<h2>System error</h2>
<pre class="syserr">--Output from testSomething--
</pre>
</div>
</div>
<div class="clear"></div>
</div>
<div class="testsuite failure">
<div class="header">
<h2>SecureControllerTests</h2>
<h3>
                        A single test executed
                    
                        with
                        one failure
                        .
                    </h3>
</div>
<div class="testcase clearfix failure grid_8 alpha omega" data-name="testSomething">
<div class="grid_3 alpha">
<p>
<span class="icon failure"></span><b class="testname message failure">testSomething</b>
</p>
<p class="summary">Executed in 0.037 seconds.</p>
</div>
<div class="grid_5 omega outputinfo">
<div class="details">
<p>
<b class="message">java.lang.AssertionError: Implement me</b>
</p>
<pre>junit.framework.AssertionFailedError: java.lang.AssertionError: Implement me
	at com.testapp.SecureControllerTests.testSomething(SecureControllerTests.groovy:10)
</pre>
</div>
</div>
<div class="clear"></div>
</div>
<div class="clearfix output footer">
<div class="sysout">
<h2>Standard output</h2>
<pre class="stdout">--Output from testSomething--
</pre>
</div>
<div class="syserr">
<h2>System error</h2>
<pre class="syserr">--Output from testSomething--
</pre>
</div>
</div>
<div class="clear"></div>
</div>
<div class="clear"></div>
</div>
<!--
            Parses JUnit output and associates it with the corresponding test case
        -->
<script language="javascript">


/**
 * The JUnit report format is incredibly stuipd in the
 * sense that it accumulates output from all test methods
 * into a single xml node.
 */
(function() {

    var outputElements = findOutputElements();
    for (var i in outputElements) {
        var outputElement = outputElements[i];
        var textOutput = outputElement.element.firstChild.nodeValue;
        var header = outputElement.getHeader();
        appendTestMethodOutput(textOutput, header);
    }

    function findOutputElements() {
        var outputElements = [];
        var preElements = document.getElementsByTagName("pre");
        for (var i in preElements) {
            var preElement = preElements[i];
            var className = preElement.className || "";
            if (className.indexOf("stdout") >= 0) {
                var outputElement = new OutputElement(preElement, "output");
                outputElements.push(outputElement);
            } else if (className.indexOf("syserr") >= 0) {
                var outputElement = new OutputElement(preElement, "error");
                outputElements.push(outputElement);
            }
        }

        return outputElements;
    }

    function OutputElement(element, type) {
        this.element = element;
        this.type = type;

        this.getHeader = function() {
            if (type === "output") {
                return "System output";
            } else if ("error") {
                return "System error";
            }
        }
    }

    function appendTestMethodOutput(text, header) {
        var testOutput = new TestMethodOutput(header);

        var lines = text.split(/\r\n|\r|\n/);
        for (var i in lines) {
            var line = lines[i];
            var matches = line.match(/^--Output from (.*)--$/);
            if (matches !== null && matches.length == 2) {
                testOutput.flushToDom();
                testOutput.testName = matches[1];
            } else {
                testOutput.addLine(line);
            }
        }

        testOutput.flushToDom();
    }

    function TestMethodOutput(header) {
        this.header = header;
        this.testName = undefined;
        this.buffer = "";

        this.addLine = function(line) {
            this.buffer += line + "\n";
        }

        this.flushToDom = function() {
            if (this.testName !== undefined) {
                var domNode = getTestcaseElementByName(this.testName);
                if (domNode !== undefined && trimString(this.buffer).length > 0) {
                    this.appendTo(domNode);
                }

                this.reset();
            }
        }

        this.appendTo = function(domNode) {
            var node = document.createElement("div");
            node.innerHTML = '<p><b class="message">' + header + '</b></p>';

            var preNode = document.createElement("pre");
            preNode.appendChild(document.createTextNode(this.buffer));
            node.appendChild(preNode);

            var outputContainer = findElementByTagClassAndParent("div", "outputinfo", domNode);
            outputContainer.appendChild(node);
        }

        this.reset = function() {
            this.methodName = undefined;
            this.buffer = "";
        }
    }

    function getTestcaseElementByName(name) {
        var divElements = document.getElementsByTagName("div");
        var elementCount = divElements.length;
        for (var i=0; i<elementCount; i++) {
            var el = divElements[i];
            if (el.getAttribute("data-name") === name) {
                return el;
            }
        }
    }

    function findElementByTagClassAndParent(tagName, className, parentNode) {
        var elements = parentNode.getElementsByTagName(tagName);
        for (var i in elements) {
            var element = elements[i];

            // Not 100% correct, but good enough here
            if (element.className !== undefined && element.className.indexOf(className) >= 0) {
                return element;
            }
        }
    }

    function trimString(str) {
        return str.replace(/^\s\s*/, '').replace(/\s\s*$/, '');
    }

})();

        </script>
</body>
</html>
