Testsuite: bestprice.BitacoraPrecioControllerTests
Tests run: 8, Failures: 5, Errors: 0, Time elapsed: 2.211 sec
------------- Standard Output ---------------
--Output from testIndex--
--Output from testList--
--Output from testCreate--
--Output from testSave--
--Output from testShow--
--Output from testEdit--
--Output from testUpdate--
--Output from testDelete--
------------- ---------------- ---------------
------------- Standard Error -----------------
--Output from testIndex--
--Output from testList--
--Output from testCreate--
--Output from testSave--
--Output from testShow--
--Output from testEdit--
--Output from testUpdate--
--Output from testDelete--
------------- ---------------- ---------------

Testcase: testIndex took 1.235 sec
Testcase: testList took 0.424 sec
Testcase: testCreate took 0.067 sec
Testcase: testSave took 0.125 sec
	FAILED
Assertion failed: 

assert response.redirectedUrl == '/bitacoraPrecio/show/1'
       |        |             |
       |        null          false
       org.codehaus.groovy.grails.plugins.testing.GrailsMockHttpServletResponse@7e295521

junit.framework.AssertionFailedError: Assertion failed: 

assert response.redirectedUrl == '/bitacoraPrecio/show/1'
       |        |             |
       |        null          false
       org.codehaus.groovy.grails.plugins.testing.GrailsMockHttpServletResponse@7e295521

	at bestprice.BitacoraPrecioControllerTests.testSave(BitacoraPrecioControllerTests.groovy:44)

Testcase: testShow took 0.143 sec
	FAILED
Assertion failed: 

assert bitacoraPrecio.save() != null
       |              |      |
       |              null   false
       bestprice.BitacoraPrecio : null

junit.framework.AssertionFailedError: Assertion failed: 

assert bitacoraPrecio.save() != null
       |              |      |
       |              null   false
       bestprice.BitacoraPrecio : null

	at bestprice.BitacoraPrecioControllerTests.testShow(BitacoraPrecioControllerTests.groovy:59)

Testcase: testEdit took 0.051 sec
	FAILED
Assertion failed: 

assert bitacoraPrecio.save() != null
       |              |      |
       |              null   false
       bestprice.BitacoraPrecio : null

junit.framework.AssertionFailedError: Assertion failed: 

assert bitacoraPrecio.save() != null
       |              |      |
       |              null   false
       bestprice.BitacoraPrecio : null

	at bestprice.BitacoraPrecioControllerTests.testEdit(BitacoraPrecioControllerTests.groovy:78)

Testcase: testUpdate took 0.05 sec
	FAILED
Assertion failed: 

assert bitacoraPrecio.save() != null
       |              |      |
       |              null   false
       bestprice.BitacoraPrecio : null

junit.framework.AssertionFailedError: Assertion failed: 

assert bitacoraPrecio.save() != null
       |              |      |
       |              null   false
       bestprice.BitacoraPrecio : null

	at bestprice.BitacoraPrecioControllerTests.testUpdate(BitacoraPrecioControllerTests.groovy:99)

Testcase: testDelete took 0.052 sec
	FAILED
Assertion failed: 

assert bitacoraPrecio.save() != null
       |              |      |
       |              null   false
       bestprice.BitacoraPrecio : null

junit.framework.AssertionFailedError: Assertion failed: 

assert bitacoraPrecio.save() != null
       |              |      |
       |              null   false
       bestprice.BitacoraPrecio : null

	at bestprice.BitacoraPrecioControllerTests.testDelete(BitacoraPrecioControllerTests.groovy:143)

