Testsuite: bestprice.NegociacionEncControllerTests
Tests run: 8, Failures: 4, Errors: 2, Time elapsed: 0.326 sec
------------- Standard Output ---------------
--Output from testIndex--
--Output from testList--
--Output from testCreate--
--Output from testSave--
--Output from testShow--
--Output from testEdit--
--Output from testUpdate--
--Output from testDelete--
------------- ---------------- ---------------
------------- Standard Error -----------------
--Output from testIndex--
--Output from testList--
--Output from testCreate--
--Output from testSave--
--Output from testShow--
--Output from testEdit--
--Output from testUpdate--
--Output from testDelete--
------------- ---------------- ---------------

Testcase: testIndex took 0.06 sec
Testcase: testList took 0.026 sec
	Caused an ERROR
Cannot get property 'currentUser' on null object
java.lang.NullPointerException: Cannot get property 'currentUser' on null object
	at bestprice.NegociacionEncController.list(NegociacionEncController.groovy:32)
	at bestprice.NegociacionEncControllerTests.testList(NegociacionEncControllerTests.groovy:26)

Testcase: testCreate took 0.03 sec
Testcase: testSave took 0.028 sec
	Caused an ERROR
Cannot get property 'currentUser' on null object
java.lang.NullPointerException: Cannot get property 'currentUser' on null object
	at bestprice.NegociacionEncController.save(NegociacionEncController.groovy:44)
	at bestprice.NegociacionEncControllerTests.testSave(NegociacionEncControllerTests.groovy:39)

Testcase: testShow took 0.037 sec
	FAILED
Assertion failed: 

assert negociacionEnc.save() != null
       |              |      |
       |              null   false
       bestprice.Comun : null

junit.framework.AssertionFailedError: Assertion failed: 

assert negociacionEnc.save() != null
       |              |      |
       |              null   false
       bestprice.Comun : null

	at bestprice.NegociacionEncControllerTests.testShow(NegociacionEncControllerTests.groovy:64)

Testcase: testEdit took 0.049 sec
	FAILED
Assertion failed: 

assert negociacionEnc.save() != null
       |              |      |
       |              null   false
       bestprice.Comun : null

junit.framework.AssertionFailedError: Assertion failed: 

assert negociacionEnc.save() != null
       |              |      |
       |              null   false
       bestprice.Comun : null

	at bestprice.NegociacionEncControllerTests.testEdit(NegociacionEncControllerTests.groovy:83)

Testcase: testUpdate took 0.035 sec
	FAILED
Assertion failed: 

assert negociacionEnc.save() != null
       |              |      |
       |              null   false
       bestprice.Comun : null

junit.framework.AssertionFailedError: Assertion failed: 

assert negociacionEnc.save() != null
       |              |      |
       |              null   false
       bestprice.Comun : null

	at bestprice.NegociacionEncControllerTests.testUpdate(NegociacionEncControllerTests.groovy:104)

Testcase: testDelete took 0.032 sec
	FAILED
Assertion failed: 

assert negociacionEnc.save() != null
       |              |      |
       |              null   false
       bestprice.Comun : null

junit.framework.AssertionFailedError: Assertion failed: 

assert negociacionEnc.save() != null
       |              |      |
       |              null   false
       bestprice.Comun : null

	at bestprice.NegociacionEncControllerTests.testDelete(NegociacionEncControllerTests.groovy:148)

