Testsuite: com.testapp.SecureControllerTests
Tests run: 1, Failures: 1, Errors: 0, Time elapsed: 0.04 sec
------------- Standard Output ---------------
--Output from testSomething--
------------- ---------------- ---------------
------------- Standard Error -----------------
--Output from testSomething--
------------- ---------------- ---------------

Testcase: testSomething took 0.037 sec
	FAILED
java.lang.AssertionError: Implement me
junit.framework.AssertionFailedError: java.lang.AssertionError: Implement me
	at com.testapp.SecureControllerTests.testSomething(SecureControllerTests.groovy:10)

