Testsuite: bestprice.PaisControllerTests
Tests run: 8, Failures: 5, Errors: 0, Time elapsed: 0.313 sec
------------- Standard Output ---------------
--Output from testIndex--
--Output from testList--
--Output from testCreate--
--Output from testSave--
--Output from testShow--
--Output from testEdit--
--Output from testUpdate--
--Output from testDelete--
------------- ---------------- ---------------
------------- Standard Error -----------------
--Output from testIndex--
--Output from testList--
--Output from testCreate--
--Output from testSave--
--Output from testShow--
--Output from testEdit--
--Output from testUpdate--
--Output from testDelete--
------------- ---------------- ---------------

Testcase: testIndex took 0.068 sec
Testcase: testList took 0.029 sec
Testcase: testCreate took 0.025 sec
Testcase: testSave took 0.033 sec
	FAILED
Assertion failed: 

assert response.redirectedUrl == '/pais/show/1'
       |        |             |
       |        null          false
       org.codehaus.groovy.grails.plugins.testing.GrailsMockHttpServletResponse@3cca3147

junit.framework.AssertionFailedError: Assertion failed: 

assert response.redirectedUrl == '/pais/show/1'
       |        |             |
       |        null          false
       org.codehaus.groovy.grails.plugins.testing.GrailsMockHttpServletResponse@3cca3147

	at bestprice.PaisControllerTests.testSave(PaisControllerTests.groovy:49)

Testcase: testShow took 0.039 sec
	FAILED
Assertion failed: 

assert pais.save() != null
       |    |      |
       |    null   false
       bestprice.Pais : null

junit.framework.AssertionFailedError: Assertion failed: 

assert pais.save() != null
       |    |      |
       |    null   false
       bestprice.Pais : null

	at bestprice.PaisControllerTests.testShow(PaisControllerTests.groovy:64)

Testcase: testEdit took 0.032 sec
	FAILED
Assertion failed: 

assert pais.save() != null
       |    |      |
       |    null   false
       bestprice.Pais : null

junit.framework.AssertionFailedError: Assertion failed: 

assert pais.save() != null
       |    |      |
       |    null   false
       bestprice.Pais : null

	at bestprice.PaisControllerTests.testEdit(PaisControllerTests.groovy:83)

Testcase: testUpdate took 0.028 sec
	FAILED
Assertion failed: 

assert pais.save() != null
       |    |      |
       |    null   false
       bestprice.Pais : null

junit.framework.AssertionFailedError: Assertion failed: 

assert pais.save() != null
       |    |      |
       |    null   false
       bestprice.Pais : null

	at bestprice.PaisControllerTests.testUpdate(PaisControllerTests.groovy:104)

Testcase: testDelete took 0.03 sec
	FAILED
Assertion failed: 

assert pais.save() != null
       |    |      |
       |    null   false
       bestprice.Pais : null

junit.framework.AssertionFailedError: Assertion failed: 

assert pais.save() != null
       |    |      |
       |    null   false
       bestprice.Pais : null

	at bestprice.PaisControllerTests.testDelete(PaisControllerTests.groovy:148)

