Testsuite: bestprice.VendedorControllerTests
Tests run: 8, Failures: 5, Errors: 0, Time elapsed: 0.308 sec
------------- Standard Output ---------------
--Output from testIndex--
--Output from testList--
--Output from testCreate--
--Output from testSave--
--Output from testShow--
--Output from testEdit--
--Output from testUpdate--
--Output from testDelete--
------------- ---------------- ---------------
------------- Standard Error -----------------
--Output from testIndex--
--Output from testList--
--Output from testCreate--
--Output from testSave--
--Output from testShow--
--Output from testEdit--
--Output from testUpdate--
--Output from testDelete--
------------- ---------------- ---------------

Testcase: testIndex took 0.059 sec
Testcase: testList took 0.03 sec
Testcase: testCreate took 0.028 sec
Testcase: testSave took 0.035 sec
	FAILED
Assertion failed: 

assert response.redirectedUrl == '/vendedor/show/1'
       |        |             |
       |        null          false
       org.codehaus.groovy.grails.plugins.testing.GrailsMockHttpServletResponse@469a7754

junit.framework.AssertionFailedError: Assertion failed: 

assert response.redirectedUrl == '/vendedor/show/1'
       |        |             |
       |        null          false
       org.codehaus.groovy.grails.plugins.testing.GrailsMockHttpServletResponse@469a7754

	at bestprice.VendedorControllerTests.testSave(VendedorControllerTests.groovy:49)

Testcase: testShow took 0.034 sec
	FAILED
Assertion failed: 

assert vendedor.save() != null
       |        |      |
       |        null   false
       bestprice.Vendedor : null

junit.framework.AssertionFailedError: Assertion failed: 

assert vendedor.save() != null
       |        |      |
       |        null   false
       bestprice.Vendedor : null

	at bestprice.VendedorControllerTests.testShow(VendedorControllerTests.groovy:64)

Testcase: testEdit took 0.034 sec
	FAILED
Assertion failed: 

assert vendedor.save() != null
       |        |      |
       |        null   false
       bestprice.Vendedor : null

junit.framework.AssertionFailedError: Assertion failed: 

assert vendedor.save() != null
       |        |      |
       |        null   false
       bestprice.Vendedor : null

	at bestprice.VendedorControllerTests.testEdit(VendedorControllerTests.groovy:83)

Testcase: testUpdate took 0.031 sec
	FAILED
Assertion failed: 

assert vendedor.save() != null
       |        |      |
       |        null   false
       bestprice.Vendedor : null

junit.framework.AssertionFailedError: Assertion failed: 

assert vendedor.save() != null
       |        |      |
       |        null   false
       bestprice.Vendedor : null

	at bestprice.VendedorControllerTests.testUpdate(VendedorControllerTests.groovy:104)

Testcase: testDelete took 0.032 sec
	FAILED
Assertion failed: 

assert vendedor.save() != null
       |        |      |
       |        null   false
       bestprice.Vendedor : null

junit.framework.AssertionFailedError: Assertion failed: 

assert vendedor.save() != null
       |        |      |
       |        null   false
       bestprice.Vendedor : null

	at bestprice.VendedorControllerTests.testDelete(VendedorControllerTests.groovy:148)

