Testsuite: bestprice.NecesidadEncControllerTests
Tests run: 8, Failures: 4, Errors: 1, Time elapsed: 0.39 sec
------------- Standard Output ---------------
--Output from testIndex--
--Output from testList--
--Output from testCreate--
--Output from testSave--
--Output from testShow--
--Output from testEdit--
--Output from testUpdate--
--Output from testDelete--
------------- ---------------- ---------------
------------- Standard Error -----------------
--Output from testIndex--
--Output from testList--
--Output from testCreate--
--Output from testSave--
--Output from testShow--
--Output from testEdit--
--Output from testUpdate--
--Output from testDelete--
------------- ---------------- ---------------

Testcase: testIndex took 0.08 sec
Testcase: testList took 0.037 sec
Testcase: testCreate took 0.034 sec
Testcase: testSave took 0.036 sec
	Caused an ERROR
Cannot get property 'currentUser' on null object
java.lang.NullPointerException: Cannot get property 'currentUser' on null object
	at bestprice.NecesidadEncController.save(NecesidadEncController.groovy:53)
	at bestprice.NecesidadEncControllerTests.testSave(NecesidadEncControllerTests.groovy:34)

Testcase: testShow took 0.043 sec
	FAILED
Assertion failed: 

assert necesidadEnc.save() != null
       |            |      |
       |            null   false
       bestprice.NecesidadEnc : null

junit.framework.AssertionFailedError: Assertion failed: 

assert necesidadEnc.save() != null
       |            |      |
       |            null   false
       bestprice.NecesidadEnc : null

	at bestprice.NecesidadEncControllerTests.testShow(NecesidadEncControllerTests.groovy:59)

Testcase: testEdit took 0.041 sec
	FAILED
Assertion failed: 

assert necesidadEnc.save() != null
       |            |      |
       |            null   false
       bestprice.NecesidadEnc : null

junit.framework.AssertionFailedError: Assertion failed: 

assert necesidadEnc.save() != null
       |            |      |
       |            null   false
       bestprice.NecesidadEnc : null

	at bestprice.NecesidadEncControllerTests.testEdit(NecesidadEncControllerTests.groovy:78)

Testcase: testUpdate took 0.041 sec
	FAILED
Assertion failed: 

assert necesidadEnc.save() != null
       |            |      |
       |            null   false
       bestprice.NecesidadEnc : null

junit.framework.AssertionFailedError: Assertion failed: 

assert necesidadEnc.save() != null
       |            |      |
       |            null   false
       bestprice.NecesidadEnc : null

	at bestprice.NecesidadEncControllerTests.testUpdate(NecesidadEncControllerTests.groovy:99)

Testcase: testDelete took 0.043 sec
	FAILED
Assertion failed: 

assert necesidadEnc.save() != null
       |            |      |
       |            null   false
       bestprice.NecesidadEnc : null

junit.framework.AssertionFailedError: Assertion failed: 

assert necesidadEnc.save() != null
       |            |      |
       |            null   false
       bestprice.NecesidadEnc : null

	at bestprice.NecesidadEncControllerTests.testDelete(NecesidadEncControllerTests.groovy:143)

