Testsuite: bestprice.EstatusControllerTests
Tests run: 8, Failures: 5, Errors: 0, Time elapsed: 0.359 sec
------------- Standard Output ---------------
--Output from testIndex--
--Output from testList--
--Output from testCreate--
--Output from testSave--
--Output from testShow--
--Output from testEdit--
--Output from testUpdate--
--Output from testDelete--
------------- ---------------- ---------------
------------- Standard Error -----------------
--Output from testIndex--
--Output from testList--
--Output from testCreate--
--Output from testSave--
--Output from testShow--
--Output from testEdit--
--Output from testUpdate--
--Output from testDelete--
------------- ---------------- ---------------

Testcase: testIndex took 0.056 sec
Testcase: testList took 0.034 sec
Testcase: testCreate took 0.034 sec
Testcase: testSave took 0.043 sec
	FAILED
Assertion failed: 

assert response.redirectedUrl == '/estatus/show/1'
       |        |             |
       |        null          false
       org.codehaus.groovy.grails.plugins.testing.GrailsMockHttpServletResponse@299264e3

junit.framework.AssertionFailedError: Assertion failed: 

assert response.redirectedUrl == '/estatus/show/1'
       |        |             |
       |        null          false
       org.codehaus.groovy.grails.plugins.testing.GrailsMockHttpServletResponse@299264e3

	at bestprice.EstatusControllerTests.testSave(EstatusControllerTests.groovy:49)

Testcase: testShow took 0.041 sec
	FAILED
Assertion failed: 

assert estatus.save() != null
       |       |      |
       |       null   false
       bestprice.Estatus : null

junit.framework.AssertionFailedError: Assertion failed: 

assert estatus.save() != null
       |       |      |
       |       null   false
       bestprice.Estatus : null

	at bestprice.EstatusControllerTests.testShow(EstatusControllerTests.groovy:64)

Testcase: testEdit took 0.04 sec
	FAILED
Assertion failed: 

assert estatus.save() != null
       |       |      |
       |       null   false
       bestprice.Estatus : null

junit.framework.AssertionFailedError: Assertion failed: 

assert estatus.save() != null
       |       |      |
       |       null   false
       bestprice.Estatus : null

	at bestprice.EstatusControllerTests.testEdit(EstatusControllerTests.groovy:83)

Testcase: testUpdate took 0.042 sec
	FAILED
Assertion failed: 

assert estatus.save() != null
       |       |      |
       |       null   false
       bestprice.Estatus : null

junit.framework.AssertionFailedError: Assertion failed: 

assert estatus.save() != null
       |       |      |
       |       null   false
       bestprice.Estatus : null

	at bestprice.EstatusControllerTests.testUpdate(EstatusControllerTests.groovy:104)

Testcase: testDelete took 0.039 sec
	FAILED
Assertion failed: 

assert estatus.save() != null
       |       |      |
       |       null   false
       bestprice.Estatus : null

junit.framework.AssertionFailedError: Assertion failed: 

assert estatus.save() != null
       |       |      |
       |       null   false
       bestprice.Estatus : null

	at bestprice.EstatusControllerTests.testDelete(EstatusControllerTests.groovy:148)

