Testsuite: bestprice.MarcaControllerTests
Tests run: 8, Failures: 5, Errors: 0, Time elapsed: 0.328 sec
------------- Standard Output ---------------
--Output from testIndex--
--Output from testList--
--Output from testCreate--
--Output from testSave--
--Output from testShow--
--Output from testEdit--
--Output from testUpdate--
--Output from testDelete--
------------- ---------------- ---------------
------------- Standard Error -----------------
--Output from testIndex--
--Output from testList--
--Output from testCreate--
--Output from testSave--
--Output from testShow--
--Output from testEdit--
--Output from testUpdate--
--Output from testDelete--
------------- ---------------- ---------------

Testcase: testIndex took 0.076 sec
Testcase: testList took 0.029 sec
Testcase: testCreate took 0.026 sec
Testcase: testSave took 0.034 sec
	FAILED
Assertion failed: 

assert response.redirectedUrl == '/marca/show/1'
       |        |             |
       |        null          false
       org.codehaus.groovy.grails.plugins.testing.GrailsMockHttpServletResponse@17829ea2

junit.framework.AssertionFailedError: Assertion failed: 

assert response.redirectedUrl == '/marca/show/1'
       |        |             |
       |        null          false
       org.codehaus.groovy.grails.plugins.testing.GrailsMockHttpServletResponse@17829ea2

	at bestprice.MarcaControllerTests.testSave(MarcaControllerTests.groovy:44)

Testcase: testShow took 0.032 sec
	FAILED
Assertion failed: 

assert marca.save() != null
       |     |      |
       |     null   false
       bestprice.Marca : null

junit.framework.AssertionFailedError: Assertion failed: 

assert marca.save() != null
       |     |      |
       |     null   false
       bestprice.Marca : null

	at bestprice.MarcaControllerTests.testShow(MarcaControllerTests.groovy:59)

Testcase: testEdit took 0.032 sec
	FAILED
Assertion failed: 

assert marca.save() != null
       |     |      |
       |     null   false
       bestprice.Marca : null

junit.framework.AssertionFailedError: Assertion failed: 

assert marca.save() != null
       |     |      |
       |     null   false
       bestprice.Marca : null

	at bestprice.MarcaControllerTests.testEdit(MarcaControllerTests.groovy:78)

Testcase: testUpdate took 0.034 sec
	FAILED
Assertion failed: 

assert marca.save() != null
       |     |      |
       |     null   false
       bestprice.Marca : null

junit.framework.AssertionFailedError: Assertion failed: 

assert marca.save() != null
       |     |      |
       |     null   false
       bestprice.Marca : null

	at bestprice.MarcaControllerTests.testUpdate(MarcaControllerTests.groovy:99)

Testcase: testDelete took 0.034 sec
	FAILED
Assertion failed: 

assert marca.save() != null
       |     |      |
       |     null   false
       bestprice.Marca : null

junit.framework.AssertionFailedError: Assertion failed: 

assert marca.save() != null
       |     |      |
       |     null   false
       bestprice.Marca : null

	at bestprice.MarcaControllerTests.testDelete(MarcaControllerTests.groovy:143)

