Testsuite: bestprice.PoblacionControllerTests
Tests run: 8, Failures: 5, Errors: 0, Time elapsed: 0.3 sec
------------- Standard Output ---------------
--Output from testIndex--
--Output from testList--
--Output from testCreate--
--Output from testSave--
--Output from testShow--
--Output from testEdit--
--Output from testUpdate--
--Output from testDelete--
------------- ---------------- ---------------
------------- Standard Error -----------------
--Output from testIndex--
--Output from testList--
--Output from testCreate--
--Output from testSave--
--Output from testShow--
--Output from testEdit--
--Output from testUpdate--
--Output from testDelete--
------------- ---------------- ---------------

Testcase: testIndex took 0.054 sec
Testcase: testList took 0.027 sec
Testcase: testCreate took 0.049 sec
Testcase: testSave took 0.03 sec
	FAILED
Assertion failed: 

assert response.redirectedUrl == '/poblacion/show/1'
       |        |             |
       |        null          false
       org.codehaus.groovy.grails.plugins.testing.GrailsMockHttpServletResponse@46380f83

junit.framework.AssertionFailedError: Assertion failed: 

assert response.redirectedUrl == '/poblacion/show/1'
       |        |             |
       |        null          false
       org.codehaus.groovy.grails.plugins.testing.GrailsMockHttpServletResponse@46380f83

	at bestprice.PoblacionControllerTests.testSave(PoblacionControllerTests.groovy:49)

Testcase: testShow took 0.029 sec
	FAILED
Assertion failed: 

assert poblacion.save() != null
       |         |      |
       |         null   false
       bestprice.Poblacion : null

junit.framework.AssertionFailedError: Assertion failed: 

assert poblacion.save() != null
       |         |      |
       |         null   false
       bestprice.Poblacion : null

	at bestprice.PoblacionControllerTests.testShow(PoblacionControllerTests.groovy:64)

Testcase: testEdit took 0.031 sec
	FAILED
Assertion failed: 

assert poblacion.save() != null
       |         |      |
       |         null   false
       bestprice.Poblacion : null

junit.framework.AssertionFailedError: Assertion failed: 

assert poblacion.save() != null
       |         |      |
       |         null   false
       bestprice.Poblacion : null

	at bestprice.PoblacionControllerTests.testEdit(PoblacionControllerTests.groovy:83)

Testcase: testUpdate took 0.026 sec
	FAILED
Assertion failed: 

assert poblacion.save() != null
       |         |      |
       |         null   false
       bestprice.Poblacion : null

junit.framework.AssertionFailedError: Assertion failed: 

assert poblacion.save() != null
       |         |      |
       |         null   false
       bestprice.Poblacion : null

	at bestprice.PoblacionControllerTests.testUpdate(PoblacionControllerTests.groovy:104)

Testcase: testDelete took 0.028 sec
	FAILED
Assertion failed: 

assert poblacion.save() != null
       |         |      |
       |         null   false
       bestprice.Poblacion : null

junit.framework.AssertionFailedError: Assertion failed: 

assert poblacion.save() != null
       |         |      |
       |         null   false
       bestprice.Poblacion : null

	at bestprice.PoblacionControllerTests.testDelete(PoblacionControllerTests.groovy:148)

