<?xml version="1.0" encoding="UTF-8" ?>
<testsuite errors="0" failures="5" hostname="IM-TIPROG22" name="bestprice.PaisControllerTests" tests="8" time="0.313" timestamp="2012-03-07T20:21:35">
  <properties />
  <testcase classname="bestprice.PaisControllerTests" name="testIndex" time="0.068" />
  <testcase classname="bestprice.PaisControllerTests" name="testList" time="0.029" />
  <testcase classname="bestprice.PaisControllerTests" name="testCreate" time="0.025" />
  <testcase classname="bestprice.PaisControllerTests" name="testSave" time="0.033">
    <failure message="Assertion failed: &#xa;&#xa;assert response.redirectedUrl == &apos;/pais/show/1&apos;&#xa;       |        |             |&#xa;       |        null          false&#xa;       org.codehaus.groovy.grails.plugins.testing.GrailsMockHttpServletResponse@3cca3147&#xa;" type="junit.framework.AssertionFailedError">junit.framework.AssertionFailedError: Assertion failed: 

assert response.redirectedUrl == &apos;/pais/show/1&apos;
       |        |             |
       |        null          false
       org.codehaus.groovy.grails.plugins.testing.GrailsMockHttpServletResponse@3cca3147

	at bestprice.PaisControllerTests.testSave(PaisControllerTests.groovy:49)
</failure>
  </testcase>
  <testcase classname="bestprice.PaisControllerTests" name="testShow" time="0.039">
    <failure message="Assertion failed: &#xa;&#xa;assert pais.save() != null&#xa;       |    |      |&#xa;       |    null   false&#xa;       bestprice.Pais : null&#xa;" type="junit.framework.AssertionFailedError">junit.framework.AssertionFailedError: Assertion failed: 

assert pais.save() != null
       |    |      |
       |    null   false
       bestprice.Pais : null

	at bestprice.PaisControllerTests.testShow(PaisControllerTests.groovy:64)
</failure>
  </testcase>
  <testcase classname="bestprice.PaisControllerTests" name="testEdit" time="0.032">
    <failure message="Assertion failed: &#xa;&#xa;assert pais.save() != null&#xa;       |    |      |&#xa;       |    null   false&#xa;       bestprice.Pais : null&#xa;" type="junit.framework.AssertionFailedError">junit.framework.AssertionFailedError: Assertion failed: 

assert pais.save() != null
       |    |      |
       |    null   false
       bestprice.Pais : null

	at bestprice.PaisControllerTests.testEdit(PaisControllerTests.groovy:83)
</failure>
  </testcase>
  <testcase classname="bestprice.PaisControllerTests" name="testUpdate" time="0.028">
    <failure message="Assertion failed: &#xa;&#xa;assert pais.save() != null&#xa;       |    |      |&#xa;       |    null   false&#xa;       bestprice.Pais : null&#xa;" type="junit.framework.AssertionFailedError">junit.framework.AssertionFailedError: Assertion failed: 

assert pais.save() != null
       |    |      |
       |    null   false
       bestprice.Pais : null

	at bestprice.PaisControllerTests.testUpdate(PaisControllerTests.groovy:104)
</failure>
  </testcase>
  <testcase classname="bestprice.PaisControllerTests" name="testDelete" time="0.03">
    <failure message="Assertion failed: &#xa;&#xa;assert pais.save() != null&#xa;       |    |      |&#xa;       |    null   false&#xa;       bestprice.Pais : null&#xa;" type="junit.framework.AssertionFailedError">junit.framework.AssertionFailedError: Assertion failed: 

assert pais.save() != null
       |    |      |
       |    null   false
       bestprice.Pais : null

	at bestprice.PaisControllerTests.testDelete(PaisControllerTests.groovy:148)
</failure>
  </testcase>
  <system-out><![CDATA[--Output from testIndex--
--Output from testList--
--Output from testCreate--
--Output from testSave--
--Output from testShow--
--Output from testEdit--
--Output from testUpdate--
--Output from testDelete--
]]></system-out>
  <system-err><![CDATA[--Output from testIndex--
--Output from testList--
--Output from testCreate--
--Output from testSave--
--Output from testShow--
--Output from testEdit--
--Output from testUpdate--
--Output from testDelete--
]]></system-err>
</testsuite>
