<?xml version="1.0" encoding="UTF-8" ?>
<testsuite errors="0" failures="5" hostname="IM-TIPROG22" name="bestprice.MarcaControllerTests" tests="8" time="0.421" timestamp="2012-03-09T20:00:33">
  <properties />
  <testcase classname="bestprice.MarcaControllerTests" name="testIndex" time="0.086" />
  <testcase classname="bestprice.MarcaControllerTests" name="testList" time="0.033" />
  <testcase classname="bestprice.MarcaControllerTests" name="testCreate" time="0.033" />
  <testcase classname="bestprice.MarcaControllerTests" name="testSave" time="0.043">
    <failure message="Assertion failed: &#xa;&#xa;assert response.redirectedUrl == &apos;/marca/show/1&apos;&#xa;       |        |             |&#xa;       |        null          false&#xa;       org.codehaus.groovy.grails.plugins.testing.GrailsMockHttpServletResponse@470276f2&#xa;" type="junit.framework.AssertionFailedError">junit.framework.AssertionFailedError: Assertion failed: 

assert response.redirectedUrl == &apos;/marca/show/1&apos;
       |        |             |
       |        null          false
       org.codehaus.groovy.grails.plugins.testing.GrailsMockHttpServletResponse@470276f2

	at bestprice.MarcaControllerTests.testSave(MarcaControllerTests.groovy:44)
</failure>
  </testcase>
  <testcase classname="bestprice.MarcaControllerTests" name="testShow" time="0.042">
    <failure message="Assertion failed: &#xa;&#xa;assert marca.save() != null&#xa;       |     |      |&#xa;       |     null   false&#xa;       bestprice.Marca : null&#xa;" type="junit.framework.AssertionFailedError">junit.framework.AssertionFailedError: Assertion failed: 

assert marca.save() != null
       |     |      |
       |     null   false
       bestprice.Marca : null

	at bestprice.MarcaControllerTests.testShow(MarcaControllerTests.groovy:59)
</failure>
  </testcase>
  <testcase classname="bestprice.MarcaControllerTests" name="testEdit" time="0.039">
    <failure message="Assertion failed: &#xa;&#xa;assert marca.save() != null&#xa;       |     |      |&#xa;       |     null   false&#xa;       bestprice.Marca : null&#xa;" type="junit.framework.AssertionFailedError">junit.framework.AssertionFailedError: Assertion failed: 

assert marca.save() != null
       |     |      |
       |     null   false
       bestprice.Marca : null

	at bestprice.MarcaControllerTests.testEdit(MarcaControllerTests.groovy:78)
</failure>
  </testcase>
  <testcase classname="bestprice.MarcaControllerTests" name="testUpdate" time="0.041">
    <failure message="Assertion failed: &#xa;&#xa;assert marca.save() != null&#xa;       |     |      |&#xa;       |     null   false&#xa;       bestprice.Marca : null&#xa;" type="junit.framework.AssertionFailedError">junit.framework.AssertionFailedError: Assertion failed: 

assert marca.save() != null
       |     |      |
       |     null   false
       bestprice.Marca : null

	at bestprice.MarcaControllerTests.testUpdate(MarcaControllerTests.groovy:99)
</failure>
  </testcase>
  <testcase classname="bestprice.MarcaControllerTests" name="testDelete" time="0.069">
    <failure message="Assertion failed: &#xa;&#xa;assert marca.save() != null&#xa;       |     |      |&#xa;       |     null   false&#xa;       bestprice.Marca : null&#xa;" type="junit.framework.AssertionFailedError">junit.framework.AssertionFailedError: Assertion failed: 

assert marca.save() != null
       |     |      |
       |     null   false
       bestprice.Marca : null

	at bestprice.MarcaControllerTests.testDelete(MarcaControllerTests.groovy:143)
</failure>
  </testcase>
  <system-out><![CDATA[--Output from testIndex--
--Output from testList--
--Output from testCreate--
--Output from testSave--
--Output from testShow--
--Output from testEdit--
--Output from testUpdate--
--Output from testDelete--
]]></system-out>
  <system-err><![CDATA[--Output from testIndex--
--Output from testList--
--Output from testCreate--
--Output from testSave--
--Output from testShow--
--Output from testEdit--
--Output from testUpdate--
--Output from testDelete--
]]></system-err>
</testsuite>
