<?xml version="1.0" encoding="UTF-8" ?>
<testsuite errors="0" failures="5" hostname="IM-TIPROG22" name="bestprice.VendedorControllerTests" tests="8" time="0.308" timestamp="2012-03-07T20:21:36">
  <properties />
  <testcase classname="bestprice.VendedorControllerTests" name="testIndex" time="0.059" />
  <testcase classname="bestprice.VendedorControllerTests" name="testList" time="0.03" />
  <testcase classname="bestprice.VendedorControllerTests" name="testCreate" time="0.028" />
  <testcase classname="bestprice.VendedorControllerTests" name="testSave" time="0.035">
    <failure message="Assertion failed: &#xa;&#xa;assert response.redirectedUrl == &apos;/vendedor/show/1&apos;&#xa;       |        |             |&#xa;       |        null          false&#xa;       org.codehaus.groovy.grails.plugins.testing.GrailsMockHttpServletResponse@469a7754&#xa;" type="junit.framework.AssertionFailedError">junit.framework.AssertionFailedError: Assertion failed: 

assert response.redirectedUrl == &apos;/vendedor/show/1&apos;
       |        |             |
       |        null          false
       org.codehaus.groovy.grails.plugins.testing.GrailsMockHttpServletResponse@469a7754

	at bestprice.VendedorControllerTests.testSave(VendedorControllerTests.groovy:49)
</failure>
  </testcase>
  <testcase classname="bestprice.VendedorControllerTests" name="testShow" time="0.034">
    <failure message="Assertion failed: &#xa;&#xa;assert vendedor.save() != null&#xa;       |        |      |&#xa;       |        null   false&#xa;       bestprice.Vendedor : null&#xa;" type="junit.framework.AssertionFailedError">junit.framework.AssertionFailedError: Assertion failed: 

assert vendedor.save() != null
       |        |      |
       |        null   false
       bestprice.Vendedor : null

	at bestprice.VendedorControllerTests.testShow(VendedorControllerTests.groovy:64)
</failure>
  </testcase>
  <testcase classname="bestprice.VendedorControllerTests" name="testEdit" time="0.034">
    <failure message="Assertion failed: &#xa;&#xa;assert vendedor.save() != null&#xa;       |        |      |&#xa;       |        null   false&#xa;       bestprice.Vendedor : null&#xa;" type="junit.framework.AssertionFailedError">junit.framework.AssertionFailedError: Assertion failed: 

assert vendedor.save() != null
       |        |      |
       |        null   false
       bestprice.Vendedor : null

	at bestprice.VendedorControllerTests.testEdit(VendedorControllerTests.groovy:83)
</failure>
  </testcase>
  <testcase classname="bestprice.VendedorControllerTests" name="testUpdate" time="0.031">
    <failure message="Assertion failed: &#xa;&#xa;assert vendedor.save() != null&#xa;       |        |      |&#xa;       |        null   false&#xa;       bestprice.Vendedor : null&#xa;" type="junit.framework.AssertionFailedError">junit.framework.AssertionFailedError: Assertion failed: 

assert vendedor.save() != null
       |        |      |
       |        null   false
       bestprice.Vendedor : null

	at bestprice.VendedorControllerTests.testUpdate(VendedorControllerTests.groovy:104)
</failure>
  </testcase>
  <testcase classname="bestprice.VendedorControllerTests" name="testDelete" time="0.032">
    <failure message="Assertion failed: &#xa;&#xa;assert vendedor.save() != null&#xa;       |        |      |&#xa;       |        null   false&#xa;       bestprice.Vendedor : null&#xa;" type="junit.framework.AssertionFailedError">junit.framework.AssertionFailedError: Assertion failed: 

assert vendedor.save() != null
       |        |      |
       |        null   false
       bestprice.Vendedor : null

	at bestprice.VendedorControllerTests.testDelete(VendedorControllerTests.groovy:148)
</failure>
  </testcase>
  <system-out><![CDATA[--Output from testIndex--
--Output from testList--
--Output from testCreate--
--Output from testSave--
--Output from testShow--
--Output from testEdit--
--Output from testUpdate--
--Output from testDelete--
]]></system-out>
  <system-err><![CDATA[--Output from testIndex--
--Output from testList--
--Output from testCreate--
--Output from testSave--
--Output from testShow--
--Output from testEdit--
--Output from testUpdate--
--Output from testDelete--
]]></system-err>
</testsuite>
