<?xml version="1.0" encoding="UTF-8" ?>
<testsuite errors="1" failures="4" hostname="IM-TIPROG22" name="bestprice.NecesidadEncControllerTests" tests="8" time="0.39" timestamp="2012-03-09T20:00:34">
  <properties />
  <testcase classname="bestprice.NecesidadEncControllerTests" name="testIndex" time="0.08" />
  <testcase classname="bestprice.NecesidadEncControllerTests" name="testList" time="0.037" />
  <testcase classname="bestprice.NecesidadEncControllerTests" name="testCreate" time="0.034" />
  <testcase classname="bestprice.NecesidadEncControllerTests" name="testSave" time="0.036">
    <error message="Cannot get property &apos;currentUser&apos; on null object" type="java.lang.NullPointerException">java.lang.NullPointerException: Cannot get property &apos;currentUser&apos; on null object
	at bestprice.NecesidadEncController.save(NecesidadEncController.groovy:53)
	at bestprice.NecesidadEncControllerTests.testSave(NecesidadEncControllerTests.groovy:34)
</error>
  </testcase>
  <testcase classname="bestprice.NecesidadEncControllerTests" name="testShow" time="0.043">
    <failure message="Assertion failed: &#xa;&#xa;assert necesidadEnc.save() != null&#xa;       |            |      |&#xa;       |            null   false&#xa;       bestprice.NecesidadEnc : null&#xa;" type="junit.framework.AssertionFailedError">junit.framework.AssertionFailedError: Assertion failed: 

assert necesidadEnc.save() != null
       |            |      |
       |            null   false
       bestprice.NecesidadEnc : null

	at bestprice.NecesidadEncControllerTests.testShow(NecesidadEncControllerTests.groovy:59)
</failure>
  </testcase>
  <testcase classname="bestprice.NecesidadEncControllerTests" name="testEdit" time="0.041">
    <failure message="Assertion failed: &#xa;&#xa;assert necesidadEnc.save() != null&#xa;       |            |      |&#xa;       |            null   false&#xa;       bestprice.NecesidadEnc : null&#xa;" type="junit.framework.AssertionFailedError">junit.framework.AssertionFailedError: Assertion failed: 

assert necesidadEnc.save() != null
       |            |      |
       |            null   false
       bestprice.NecesidadEnc : null

	at bestprice.NecesidadEncControllerTests.testEdit(NecesidadEncControllerTests.groovy:78)
</failure>
  </testcase>
  <testcase classname="bestprice.NecesidadEncControllerTests" name="testUpdate" time="0.041">
    <failure message="Assertion failed: &#xa;&#xa;assert necesidadEnc.save() != null&#xa;       |            |      |&#xa;       |            null   false&#xa;       bestprice.NecesidadEnc : null&#xa;" type="junit.framework.AssertionFailedError">junit.framework.AssertionFailedError: Assertion failed: 

assert necesidadEnc.save() != null
       |            |      |
       |            null   false
       bestprice.NecesidadEnc : null

	at bestprice.NecesidadEncControllerTests.testUpdate(NecesidadEncControllerTests.groovy:99)
</failure>
  </testcase>
  <testcase classname="bestprice.NecesidadEncControllerTests" name="testDelete" time="0.043">
    <failure message="Assertion failed: &#xa;&#xa;assert necesidadEnc.save() != null&#xa;       |            |      |&#xa;       |            null   false&#xa;       bestprice.NecesidadEnc : null&#xa;" type="junit.framework.AssertionFailedError">junit.framework.AssertionFailedError: Assertion failed: 

assert necesidadEnc.save() != null
       |            |      |
       |            null   false
       bestprice.NecesidadEnc : null

	at bestprice.NecesidadEncControllerTests.testDelete(NecesidadEncControllerTests.groovy:143)
</failure>
  </testcase>
  <system-out><![CDATA[--Output from testIndex--
--Output from testList--
--Output from testCreate--
--Output from testSave--
--Output from testShow--
--Output from testEdit--
--Output from testUpdate--
--Output from testDelete--
]]></system-out>
  <system-err><![CDATA[--Output from testIndex--
--Output from testList--
--Output from testCreate--
--Output from testSave--
--Output from testShow--
--Output from testEdit--
--Output from testUpdate--
--Output from testDelete--
]]></system-err>
</testsuite>
