<?xml version="1.0" encoding="UTF-8" ?>
<testsuite errors="2" failures="4" hostname="IM-TIPROG22" name="bestprice.NegociacionEncControllerTests" tests="8" time="0.326" timestamp="2012-03-07T20:21:35">
  <properties />
  <testcase classname="bestprice.NegociacionEncControllerTests" name="testIndex" time="0.06" />
  <testcase classname="bestprice.NegociacionEncControllerTests" name="testList" time="0.026">
    <error message="Cannot get property &apos;currentUser&apos; on null object" type="java.lang.NullPointerException">java.lang.NullPointerException: Cannot get property &apos;currentUser&apos; on null object
	at bestprice.NegociacionEncController.list(NegociacionEncController.groovy:32)
	at bestprice.NegociacionEncControllerTests.testList(NegociacionEncControllerTests.groovy:26)
</error>
  </testcase>
  <testcase classname="bestprice.NegociacionEncControllerTests" name="testCreate" time="0.029" />
  <testcase classname="bestprice.NegociacionEncControllerTests" name="testSave" time="0.028">
    <error message="Cannot get property &apos;currentUser&apos; on null object" type="java.lang.NullPointerException">java.lang.NullPointerException: Cannot get property &apos;currentUser&apos; on null object
	at bestprice.NegociacionEncController.save(NegociacionEncController.groovy:44)
	at bestprice.NegociacionEncControllerTests.testSave(NegociacionEncControllerTests.groovy:39)
</error>
  </testcase>
  <testcase classname="bestprice.NegociacionEncControllerTests" name="testShow" time="0.037">
    <failure message="Assertion failed: &#xa;&#xa;assert negociacionEnc.save() != null&#xa;       |              |      |&#xa;       |              null   false&#xa;       bestprice.Comun : null&#xa;" type="junit.framework.AssertionFailedError">junit.framework.AssertionFailedError: Assertion failed: 

assert negociacionEnc.save() != null
       |              |      |
       |              null   false
       bestprice.Comun : null

	at bestprice.NegociacionEncControllerTests.testShow(NegociacionEncControllerTests.groovy:64)
</failure>
  </testcase>
  <testcase classname="bestprice.NegociacionEncControllerTests" name="testEdit" time="0.049">
    <failure message="Assertion failed: &#xa;&#xa;assert negociacionEnc.save() != null&#xa;       |              |      |&#xa;       |              null   false&#xa;       bestprice.Comun : null&#xa;" type="junit.framework.AssertionFailedError">junit.framework.AssertionFailedError: Assertion failed: 

assert negociacionEnc.save() != null
       |              |      |
       |              null   false
       bestprice.Comun : null

	at bestprice.NegociacionEncControllerTests.testEdit(NegociacionEncControllerTests.groovy:83)
</failure>
  </testcase>
  <testcase classname="bestprice.NegociacionEncControllerTests" name="testUpdate" time="0.036">
    <failure message="Assertion failed: &#xa;&#xa;assert negociacionEnc.save() != null&#xa;       |              |      |&#xa;       |              null   false&#xa;       bestprice.Comun : null&#xa;" type="junit.framework.AssertionFailedError">junit.framework.AssertionFailedError: Assertion failed: 

assert negociacionEnc.save() != null
       |              |      |
       |              null   false
       bestprice.Comun : null

	at bestprice.NegociacionEncControllerTests.testUpdate(NegociacionEncControllerTests.groovy:104)
</failure>
  </testcase>
  <testcase classname="bestprice.NegociacionEncControllerTests" name="testDelete" time="0.032">
    <failure message="Assertion failed: &#xa;&#xa;assert negociacionEnc.save() != null&#xa;       |              |      |&#xa;       |              null   false&#xa;       bestprice.Comun : null&#xa;" type="junit.framework.AssertionFailedError">junit.framework.AssertionFailedError: Assertion failed: 

assert negociacionEnc.save() != null
       |              |      |
       |              null   false
       bestprice.Comun : null

	at bestprice.NegociacionEncControllerTests.testDelete(NegociacionEncControllerTests.groovy:148)
</failure>
  </testcase>
  <system-out><![CDATA[--Output from testIndex--
--Output from testList--
--Output from testCreate--
--Output from testSave--
--Output from testShow--
--Output from testEdit--
--Output from testUpdate--
--Output from testDelete--
]]></system-out>
  <system-err><![CDATA[--Output from testIndex--
--Output from testList--
--Output from testCreate--
--Output from testSave--
--Output from testShow--
--Output from testEdit--
--Output from testUpdate--
--Output from testDelete--
]]></system-err>
</testsuite>
