<?xml version="1.0" encoding="UTF-8" ?>
<testsuite errors="0" failures="5" hostname="IM-TIPROG22" name="bestprice.CompradorControllerTests" tests="8" time="0.621" timestamp="2012-03-07T20:21:32">
  <properties />
  <testcase classname="bestprice.CompradorControllerTests" name="testIndex" time="0.167" />
  <testcase classname="bestprice.CompradorControllerTests" name="testList" time="0.044" />
  <testcase classname="bestprice.CompradorControllerTests" name="testCreate" time="0.054" />
  <testcase classname="bestprice.CompradorControllerTests" name="testSave" time="0.062">
    <failure message="Assertion failed: &#xa;&#xa;assert response.redirectedUrl == &apos;/comprador/show/1&apos;&#xa;       |        |             |&#xa;       |        null          false&#xa;       org.codehaus.groovy.grails.plugins.testing.GrailsMockHttpServletResponse@376502fc&#xa;" type="junit.framework.AssertionFailedError">junit.framework.AssertionFailedError: Assertion failed: 

assert response.redirectedUrl == &apos;/comprador/show/1&apos;
       |        |             |
       |        null          false
       org.codehaus.groovy.grails.plugins.testing.GrailsMockHttpServletResponse@376502fc

	at bestprice.CompradorControllerTests.testSave(CompradorControllerTests.groovy:44)
</failure>
  </testcase>
  <testcase classname="bestprice.CompradorControllerTests" name="testShow" time="0.075">
    <failure message="Assertion failed: &#xa;&#xa;assert comprador.save() != null&#xa;       |         |      |&#xa;       |         null   false&#xa;       bestprice.Comprador : null&#xa;" type="junit.framework.AssertionFailedError">junit.framework.AssertionFailedError: Assertion failed: 

assert comprador.save() != null
       |         |      |
       |         null   false
       bestprice.Comprador : null

	at bestprice.CompradorControllerTests.testShow(CompradorControllerTests.groovy:59)
</failure>
  </testcase>
  <testcase classname="bestprice.CompradorControllerTests" name="testEdit" time="0.059">
    <failure message="Assertion failed: &#xa;&#xa;assert comprador.save() != null&#xa;       |         |      |&#xa;       |         null   false&#xa;       bestprice.Comprador : null&#xa;" type="junit.framework.AssertionFailedError">junit.framework.AssertionFailedError: Assertion failed: 

assert comprador.save() != null
       |         |      |
       |         null   false
       bestprice.Comprador : null

	at bestprice.CompradorControllerTests.testEdit(CompradorControllerTests.groovy:78)
</failure>
  </testcase>
  <testcase classname="bestprice.CompradorControllerTests" name="testUpdate" time="0.057">
    <failure message="Assertion failed: &#xa;&#xa;assert comprador.save() != null&#xa;       |         |      |&#xa;       |         null   false&#xa;       bestprice.Comprador : null&#xa;" type="junit.framework.AssertionFailedError">junit.framework.AssertionFailedError: Assertion failed: 

assert comprador.save() != null
       |         |      |
       |         null   false
       bestprice.Comprador : null

	at bestprice.CompradorControllerTests.testUpdate(CompradorControllerTests.groovy:99)
</failure>
  </testcase>
  <testcase classname="bestprice.CompradorControllerTests" name="testDelete" time="0.065">
    <failure message="Assertion failed: &#xa;&#xa;assert comprador.save() != null&#xa;       |         |      |&#xa;       |         null   false&#xa;       bestprice.Comprador : null&#xa;" type="junit.framework.AssertionFailedError">junit.framework.AssertionFailedError: Assertion failed: 

assert comprador.save() != null
       |         |      |
       |         null   false
       bestprice.Comprador : null

	at bestprice.CompradorControllerTests.testDelete(CompradorControllerTests.groovy:143)
</failure>
  </testcase>
  <system-out><![CDATA[--Output from testIndex--
--Output from testList--
--Output from testCreate--
--Output from testSave--
--Output from testShow--
--Output from testEdit--
--Output from testUpdate--
--Output from testDelete--
]]></system-out>
  <system-err><![CDATA[--Output from testIndex--
--Output from testList--
--Output from testCreate--
--Output from testSave--
--Output from testShow--
--Output from testEdit--
--Output from testUpdate--
--Output from testDelete--
]]></system-err>
</testsuite>
