<?xml version="1.0" encoding="UTF-8" ?>
<testsuite errors="0" failures="1" hostname="IM-TIPROG22" name="bestprice.EstatusTests" tests="1" time="0.042" timestamp="2012-03-09T20:00:33">
  <properties />
  <testcase classname="bestprice.EstatusTests" name="testSomething" time="0.016">
    <failure message="java.lang.AssertionError: Implement me" type="junit.framework.AssertionFailedError">junit.framework.AssertionFailedError: java.lang.AssertionError: Implement me
	at bestprice.EstatusTests.testSomething(EstatusTests.groovy:10)
</failure>
  </testcase>
  <system-out><![CDATA[--Output from testSomething--
]]></system-out>
  <system-err><![CDATA[--Output from testSomething--
]]></system-err>
</testsuite>
